{"C:\\Users\\MohammadHossein\\Desktop\\projects\\React-Admin-Dashboard\\src\\App.tsx": {"path":"C:\\Users\\MohammadHossein\\Desktop\\projects\\React-Admin-Dashboard\\src\\App.tsx","statementMap":{"0":{"start":{"line":13,"column":21},"end":{"line":13,"column":null}},"1":{"start":{"line":13,"column":32},"end":{"line":13,"column":null}},"2":{"start":{"line":16,"column":17},"end":{"line":32,"column":null}},"3":{"start":{"line":18,"column":6},"end":{"line":30,"column":null}},"4":{"start":{"line":23,"column":58},"end":{"line":26,"column":14}},"5":{"start":{"line":34,"column":2},"end":{"line":65,"column":null}}},"fnMap":{"0":{"name":"(anonymous_0)","decl":{"start":{"line":13,"column":21},"end":{"line":13,"column":32}},"loc":{"start":{"line":13,"column":32},"end":{"line":13,"column":null}},"line":13},"1":{"name":"App","decl":{"start":{"line":15,"column":9},"end":{"line":15,"column":15}},"loc":{"start":{"line":15,"column":15},"end":{"line":67,"column":null}},"line":15},"2":{"name":"(anonymous_2)","decl":{"start":{"line":16,"column":17},"end":{"line":16,"column":null}},"loc":{"start":{"line":18,"column":6},"end":{"line":30,"column":null}},"line":18},"3":{"name":"(anonymous_3)","decl":{"start":{"line":23,"column":22},"end":{"line":23,"column":27}},"loc":{"start":{"line":23,"column":58},"end":{"line":26,"column":14}},"line":23}},"branchMap":{},"s":{"0":1,"1":1,"2":20,"3":20,"4":380,"5":20},"f":{"0":1,"1":20,"2":20,"3":380},"b":{},"meta":{"lastBranch":0,"lastFunction":4,"lastStatement":6,"seen":{"s:13:21:13:Infinity":0,"f:13:21:13:32":0,"s:13:32:13:Infinity":1,"f:15:9:15:15":1,"s:16:17:32:Infinity":2,"f:16:17:16:Infinity":2,"s:18:6:30:Infinity":3,"f:23:22:23:27":3,"s:23:58:26:14":4,"s:34:2:65:Infinity":5},"fnNames":{}}}
,"C:\\Users\\MohammadHossein\\Desktop\\projects\\React-Admin-Dashboard\\src\\components\\ComparisonTable.tsx": {"path":"C:\\Users\\MohammadHossein\\Desktop\\projects\\React-Admin-Dashboard\\src\\components\\ComparisonTable.tsx","statementMap":{"0":{"start":{"line":11,"column":19},"end":{"line":15,"column":null}},"1":{"start":{"line":18,"column":2},"end":{"line":57,"column":null}},"2":{"start":{"line":35,"column":32},"end":{"line":35,"column":null}},"3":{"start":{"line":36,"column":33},"end":{"line":36,"column":null}},"4":{"start":{"line":37,"column":14},"end":{"line":51,"column":null}}},"fnMap":{"0":{"name":"ComparisonTable","decl":{"start":{"line":17,"column":16},"end":{"line":17,"column":32}},"loc":{"start":{"line":17,"column":93},"end":{"line":59,"column":null}},"line":17},"1":{"name":"(anonymous_1)","decl":{"start":{"line":34,"column":18},"end":{"line":34,"column":23}},"loc":{"start":{"line":34,"column":31},"end":{"line":53,"column":13}},"line":34}},"branchMap":{"0":{"loc":{"start":{"line":17,"column":40},"end":{"line":17,"column":93}},"type":"default-arg","locations":[{"start":{"line":17,"column":48},"end":{"line":17,"column":93}}],"line":17},"1":{"loc":{"start":{"line":36,"column":33},"end":{"line":36,"column":null}},"type":"binary-expr","locations":[{"start":{"line":36,"column":33},"end":{"line":36,"column":56}},{"start":{"line":36,"column":56},"end":{"line":36,"column":80}},{"start":{"line":36,"column":80},"end":{"line":36,"column":null}}],"line":36},"2":{"loc":{"start":{"line":43,"column":70},"end":{"line":43,"column":null}},"type":"cond-expr","locations":[{"start":{"line":43,"column":83},"end":{"line":43,"column":100}},{"start":{"line":43,"column":100},"end":{"line":43,"column":null}}],"line":43},"3":{"loc":{"start":{"line":46,"column":25},"end":{"line":46,"column":null}},"type":"cond-expr","locations":[{"start":{"line":46,"column":42},"end":{"line":46,"column":48}},{"start":{"line":46,"column":48},"end":{"line":46,"column":null}}],"line":46}},"s":{"0":1,"1":1,"2":8,"3":8,"4":8},"f":{"0":1,"1":8},"b":{"0":[1],"1":[8,1,1],"2":[7,1],"3":[5,3]},"meta":{"lastBranch":4,"lastFunction":2,"lastStatement":5,"seen":{"s:11:19:15:Infinity":0,"f:17:16:17:32":0,"b:17:48:17:93":0,"s:18:2:57:Infinity":1,"f:34:18:34:23":1,"s:35:32:35:Infinity":2,"s:36:33:36:Infinity":3,"b:36:33:36:56:36:56:36:80:36:80:36:Infinity":1,"s:37:14:51:Infinity":4,"b:43:83:43:100:43:100:43:Infinity":2,"b:46:42:46:48:46:48:46:Infinity":3},"fnNames":{}}}
,"C:\\Users\\MohammadHossein\\Desktop\\projects\\React-Admin-Dashboard\\src\\components\\DataState.tsx": {"path":"C:\\Users\\MohammadHossein\\Desktop\\projects\\React-Admin-Dashboard\\src\\components\\DataState.tsx","statementMap":{"0":{"start":{"line":5,"column":2},"end":{"line":11,"column":null}},"1":{"start":{"line":8,"column":8},"end":{"line":8,"column":null}},"2":{"start":{"line":16,"column":2},"end":{"line":28,"column":null}}},"fnMap":{"0":{"name":"LoadingState","decl":{"start":{"line":4,"column":16},"end":{"line":4,"column":29}},"loc":{"start":{"line":4,"column":62},"end":{"line":13,"column":null}},"line":4},"1":{"name":"(anonymous_1)","decl":{"start":{"line":7,"column":36},"end":{"line":7,"column":41}},"loc":{"start":{"line":8,"column":8},"end":{"line":8,"column":null}},"line":8},"2":{"name":"ErrorState","decl":{"start":{"line":15,"column":16},"end":{"line":15,"column":27}},"loc":{"start":{"line":15,"column":91},"end":{"line":30,"column":null}},"line":15}},"branchMap":{"0":{"loc":{"start":{"line":4,"column":31},"end":{"line":4,"column":62}},"type":"default-arg","locations":[{"start":{"line":4,"column":38},"end":{"line":4,"column":62}}],"line":4}},"s":{"0":9,"1":42,"2":2},"f":{"0":9,"1":42,"2":2},"b":{"0":[9]},"meta":{"lastBranch":1,"lastFunction":3,"lastStatement":3,"seen":{"f:4:16:4:29":0,"b:4:38:4:62":0,"s:5:2:11:Infinity":0,"f:7:36:7:41":1,"s:8:8:8:Infinity":1,"f:15:16:15:27":2,"s:16:2:28:Infinity":2},"fnNames":{}}}
,"C:\\Users\\MohammadHossein\\Desktop\\projects\\React-Admin-Dashboard\\src\\components\\DataTable.tsx": {"path":"C:\\Users\\MohammadHossein\\Desktop\\projects\\React-Admin-Dashboard\\src\\components\\DataTable.tsx","statementMap":{"0":{"start":{"line":34,"column":32},"end":{"line":34,"column":null}},"1":{"start":{"line":35,"column":44},"end":{"line":35,"column":null}},"2":{"start":{"line":36,"column":38},"end":{"line":39,"column":null}},"3":{"start":{"line":41,"column":16},"end":{"line":56,"column":null}},"4":{"start":{"line":58,"column":2},"end":{"line":180,"column":null}},"5":{"start":{"line":68,"column":29},"end":{"line":68,"column":null}},"6":{"start":{"line":79,"column":14},"end":{"line":119,"column":null}},"7":{"start":{"line":81,"column":34},"end":{"line":81,"column":null}},"8":{"start":{"line":82,"column":33},"end":{"line":82,"column":null}},"9":{"start":{"line":83,"column":18},"end":{"line":116,"column":null}},"10":{"start":{"line":103,"column":28},"end":{"line":103,"column":null}},"11":{"start":{"line":103,"column":42},"end":{"line":103,"column":null}},"12":{"start":{"line":104,"column":28},"end":{"line":107,"column":null}},"13":{"start":{"line":105,"column":30},"end":{"line":105,"column":null}},"14":{"start":{"line":106,"column":30},"end":{"line":106,"column":null}},"15":{"start":{"line":125,"column":16},"end":{"line":131,"column":null}},"16":{"start":{"line":127,"column":20},"end":{"line":129,"column":null}},"17":{"start":{"line":160,"column":27},"end":{"line":160,"column":null}},"18":{"start":{"line":172,"column":27},"end":{"line":172,"column":null}}},"fnMap":{"0":{"name":"DataTable","decl":{"start":{"line":28,"column":16},"end":{"line":28,"column":49}},"loc":{"start":{"line":33,"column":26},"end":{"line":182,"column":null}},"line":33},"1":{"name":"(anonymous_1)","decl":{"start":{"line":68,"column":12},"end":{"line":68,"column":23}},"loc":{"start":{"line":68,"column":29},"end":{"line":68,"column":null}},"line":68},"2":{"name":"(anonymous_2)","decl":{"start":{"line":78,"column":37},"end":{"line":78,"column":42}},"loc":{"start":{"line":79,"column":14},"end":{"line":119,"column":null}},"line":79},"3":{"name":"(anonymous_3)","decl":{"start":{"line":80,"column":37},"end":{"line":80,"column":42}},"loc":{"start":{"line":80,"column":53},"end":{"line":118,"column":17}},"line":80},"4":{"name":"(anonymous_4)","decl":{"start":{"line":102,"column":26},"end":{"line":102,"column":38}},"loc":{"start":{"line":102,"column":44},"end":{"line":108,"column":null}},"line":102},"5":{"name":"(anonymous_5)","decl":{"start":{"line":124,"column":39},"end":{"line":124,"column":44}},"loc":{"start":{"line":125,"column":16},"end":{"line":131,"column":null}},"line":125},"6":{"name":"(anonymous_6)","decl":{"start":{"line":126,"column":41},"end":{"line":126,"column":46}},"loc":{"start":{"line":127,"column":20},"end":{"line":129,"column":null}},"line":127},"7":{"name":"(anonymous_7)","decl":{"start":{"line":160,"column":12},"end":{"line":160,"column":27}},"loc":{"start":{"line":160,"column":27},"end":{"line":160,"column":null}},"line":160},"8":{"name":"(anonymous_8)","decl":{"start":{"line":172,"column":12},"end":{"line":172,"column":27}},"loc":{"start":{"line":172,"column":27},"end":{"line":172,"column":null}},"line":172}},"branchMap":{"0":{"loc":{"start":{"line":31,"column":2},"end":{"line":31,"column":null}},"type":"default-arg","locations":[{"start":{"line":31,"column":22},"end":{"line":31,"column":null}}],"line":31},"1":{"loc":{"start":{"line":61,"column":7},"end":{"line":71,"column":null}},"type":"binary-expr","locations":[{"start":{"line":61,"column":7},"end":{"line":61,"column":null}},{"start":{"line":62,"column":8},"end":{"line":71,"column":null}}],"line":61},"2":{"loc":{"start":{"line":67,"column":20},"end":{"line":67,"column":null}},"type":"binary-expr","locations":[{"start":{"line":67,"column":20},"end":{"line":67,"column":82}},{"start":{"line":67,"column":82},"end":{"line":67,"column":null}}],"line":67},"3":{"loc":{"start":{"line":87,"column":24},"end":{"line":93,"column":null}},"type":"cond-expr","locations":[{"start":{"line":88,"column":28},"end":{"line":92,"column":null}},{"start":{"line":93,"column":28},"end":{"line":93,"column":null}}],"line":87},"4":{"loc":{"start":{"line":88,"column":28},"end":{"line":92,"column":null}},"type":"cond-expr","locations":[{"start":{"line":89,"column":30},"end":{"line":89,"column":null}},{"start":{"line":90,"column":30},"end":{"line":92,"column":null}}],"line":88},"5":{"loc":{"start":{"line":90,"column":30},"end":{"line":92,"column":null}},"type":"cond-expr","locations":[{"start":{"line":91,"column":32},"end":{"line":91,"column":null}},{"start":{"line":92,"column":32},"end":{"line":92,"column":null}}],"line":90},"6":{"loc":{"start":{"line":96,"column":23},"end":{"line":114,"column":null}},"type":"cond-expr","locations":[{"start":{"line":96,"column":46},"end":{"line":96,"column":null}},{"start":{"line":97,"column":24},"end":{"line":114,"column":null}}],"line":96},"7":{"loc":{"start":{"line":98,"column":32},"end":{"line":98,"column":null}},"type":"cond-expr","locations":[{"start":{"line":98,"column":42},"end":{"line":98,"column":53}},{"start":{"line":98,"column":53},"end":{"line":98,"column":null}}],"line":98},"8":{"loc":{"start":{"line":99,"column":36},"end":{"line":99,"column":null}},"type":"cond-expr","locations":[{"start":{"line":99,"column":46},"end":{"line":99,"column":50}},{"start":{"line":99,"column":50},"end":{"line":99,"column":null}}],"line":99},"9":{"loc":{"start":{"line":100,"column":37},"end":{"line":100,"column":null}},"type":"cond-expr","locations":[{"start":{"line":100,"column":47},"end":{"line":100,"column":153}},{"start":{"line":100,"column":153},"end":{"line":100,"column":null}}],"line":100},"10":{"loc":{"start":{"line":103,"column":28},"end":{"line":103,"column":null}},"type":"if","locations":[{"start":{"line":103,"column":28},"end":{"line":103,"column":null}},{"start":{},"end":{}}],"line":103},"11":{"loc":{"start":{"line":104,"column":28},"end":{"line":107,"column":null}},"type":"if","locations":[{"start":{"line":104,"column":28},"end":{"line":107,"column":null}},{"start":{},"end":{}}],"line":104},"12":{"loc":{"start":{"line":104,"column":32},"end":{"line":104,"column":68}},"type":"binary-expr","locations":[{"start":{"line":104,"column":32},"end":{"line":104,"column":53}},{"start":{"line":104,"column":53},"end":{"line":104,"column":68}}],"line":104},"13":{"loc":{"start":{"line":111,"column":27},"end":{"line":114,"column":null}},"type":"binary-expr","locations":[{"start":{"line":111,"column":27},"end":{"line":111,"column":null}},{"start":{"line":112,"column":28},"end":{"line":114,"column":null}}],"line":111},"14":{"loc":{"start":{"line":123,"column":13},"end":{"line":140,"column":null}},"type":"cond-expr","locations":[{"start":{"line":124,"column":14},"end":{"line":132,"column":null}},{"start":{"line":134,"column":14},"end":{"line":140,"column":null}}],"line":123},"15":{"loc":{"start":{"line":147,"column":11},"end":{"line":154,"column":null}},"type":"cond-expr","locations":[{"start":{"line":148,"column":14},"end":{"line":148,"column":null}},{"start":{"line":149,"column":14},"end":{"line":154,"column":null}}],"line":147}},"s":{"0":17,"1":17,"2":17,"3":17,"4":17,"5":5,"6":17,"7":57,"8":57,"9":57,"10":0,"11":0,"12":0,"13":0,"14":0,"15":53,"16":275,"17":0,"18":0},"f":{"0":17,"1":5,"2":17,"3":57,"4":0,"5":53,"6":275,"7":0,"8":0},"b":{"0":[17],"1":[17,12],"2":[12,7],"3":[57,0],"4":[0,57],"5":[0,57],"6":[0,57],"7":[57,0],"8":[57,0],"9":[57,0],"10":[0,0],"11":[0,0],"12":[0,0],"13":[57,57],"14":[15,2],"15":[2,15]},"meta":{"lastBranch":16,"lastFunction":9,"lastStatement":19,"seen":{"f:28:16:28:49":0,"b:31:22:31:Infinity":0,"s:34:32:34:Infinity":0,"s:35:44:35:Infinity":1,"s:36:38:39:Infinity":2,"s:41:16:56:Infinity":3,"s:58:2:180:Infinity":4,"b:61:7:61:Infinity:62:8:71:Infinity":1,"b:67:20:67:82:67:82:67:Infinity":2,"f:68:12:68:23":1,"s:68:29:68:Infinity":5,"f:78:37:78:42":2,"s:79:14:119:Infinity":6,"f:80:37:80:42":3,"s:81:34:81:Infinity":7,"s:82:33:82:Infinity":8,"s:83:18:116:Infinity":9,"b:88:28:92:Infinity:93:28:93:Infinity":3,"b:89:30:89:Infinity:90:30:92:Infinity":4,"b:91:32:91:Infinity:92:32:92:Infinity":5,"b:96:46:96:Infinity:97:24:114:Infinity":6,"b:98:42:98:53:98:53:98:Infinity":7,"b:99:46:99:50:99:50:99:Infinity":8,"b:100:47:100:153:100:153:100:Infinity":9,"f:102:26:102:38":4,"b:103:28:103:Infinity:undefined:undefined:undefined:undefined":10,"s:103:28:103:Infinity":10,"s:103:42:103:Infinity":11,"b:104:28:107:Infinity:undefined:undefined:undefined:undefined":11,"s:104:28:107:Infinity":12,"b:104:32:104:53:104:53:104:68":12,"s:105:30:105:Infinity":13,"s:106:30:106:Infinity":14,"b:111:27:111:Infinity:112:28:114:Infinity":13,"b:124:14:132:Infinity:134:14:140:Infinity":14,"f:124:39:124:44":5,"s:125:16:131:Infinity":15,"f:126:41:126:46":6,"s:127:20:129:Infinity":16,"b:148:14:148:Infinity:149:14:154:Infinity":15,"f:160:12:160:27":7,"s:160:27:160:Infinity":17,"f:172:12:172:27":8,"s:172:27:172:Infinity":18},"fnNames":{}}}
,"C:\\Users\\MohammadHossein\\Desktop\\projects\\React-Admin-Dashboard\\src\\components\\ErrorBoundary.tsx": {"path":"C:\\Users\\MohammadHossein\\Desktop\\projects\\React-Admin-Dashboard\\src\\components\\ErrorBoundary.tsx","statementMap":{"0":{"start":{"line":29,"column":2},"end":{"line":31,"column":null}},"1":{"start":{"line":33,"column":2},"end":{"line":35,"column":null}},"2":{"start":{"line":17,"column":4},"end":{"line":17,"column":null}},"3":{"start":{"line":18,"column":4},"end":{"line":18,"column":null}},"4":{"start":{"line":22,"column":4},"end":{"line":22,"column":null}},"5":{"start":{"line":26,"column":4},"end":{"line":26,"column":null}},"6":{"start":{"line":30,"column":4},"end":{"line":30,"column":null}},"7":{"start":{"line":34,"column":4},"end":{"line":34,"column":null}},"8":{"start":{"line":38,"column":4},"end":{"line":66,"column":null}},"9":{"start":{"line":39,"column":6},"end":{"line":64,"column":null}},"10":{"start":{"line":68,"column":4},"end":{"line":68,"column":null}}},"fnMap":{"0":{"name":"constructor","decl":{"start":{"line":16,"column":2},"end":{"line":16,"column":14}},"loc":{"start":{"line":16,"column":41},"end":{"line":19,"column":null}},"line":16},"1":{"name":"getDerivedStateFromError","decl":{"start":{"line":21,"column":9},"end":{"line":21,"column":34}},"loc":{"start":{"line":21,"column":68},"end":{"line":23,"column":null}},"line":21},"2":{"name":"componentDidCatch","decl":{"start":{"line":25,"column":2},"end":{"line":25,"column":20}},"loc":{"start":{"line":25,"column":51},"end":{"line":27,"column":null}},"line":25},"3":{"name":"(anonymous_3)","decl":{"start":{"line":29,"column":2},"end":{"line":29,"column":22}},"loc":{"start":{"line":29,"column":22},"end":{"line":31,"column":null}},"line":29},"4":{"name":"(anonymous_4)","decl":{"start":{"line":33,"column":2},"end":{"line":33,"column":23}},"loc":{"start":{"line":33,"column":23},"end":{"line":35,"column":null}},"line":33},"5":{"name":"render","decl":{"start":{"line":37,"column":2},"end":{"line":37,"column":11}},"loc":{"start":{"line":37,"column":11},"end":{"line":69,"column":null}},"line":37}},"branchMap":{"0":{"loc":{"start":{"line":38,"column":4},"end":{"line":66,"column":null}},"type":"if","locations":[{"start":{"line":38,"column":4},"end":{"line":66,"column":null}},{"start":{},"end":{}}],"line":38},"1":{"loc":{"start":{"line":48,"column":15},"end":{"line":54,"column":null}},"type":"binary-expr","locations":[{"start":{"line":48,"column":15},"end":{"line":48,"column":null}},{"start":{"line":49,"column":16},"end":{"line":54,"column":null}}],"line":48}},"s":{"0":1,"1":0,"2":26,"3":26,"4":4,"5":2,"6":1,"7":0,"8":30,"9":4,"10":26},"f":{"0":26,"1":2,"2":2,"3":1,"4":0,"5":30},"b":{"0":[4,26],"1":[4,4]},"meta":{"lastBranch":2,"lastFunction":6,"lastStatement":11,"seen":{"s:29:2:31:Infinity":0,"s:33:2:35:Infinity":1,"f:16:2:16:14":0,"s:17:4:17:Infinity":2,"s:18:4:18:Infinity":3,"f:21:9:21:34":1,"s:22:4:22:Infinity":4,"f:25:2:25:20":2,"s:26:4:26:Infinity":5,"f:29:2:29:22":3,"s:30:4:30:Infinity":6,"f:33:2:33:23":4,"s:34:4:34:Infinity":7,"f:37:2:37:11":5,"b:38:4:66:Infinity:undefined:undefined:undefined:undefined":0,"s:38:4:66:Infinity":8,"s:39:6:64:Infinity":9,"b:48:15:48:Infinity:49:16:54:Infinity":1,"s:68:4:68:Infinity":10},"fnNames":{}}}
,"C:\\Users\\MohammadHossein\\Desktop\\projects\\React-Admin-Dashboard\\src\\components\\GoalTracker.tsx": {"path":"C:\\Users\\MohammadHossein\\Desktop\\projects\\React-Admin-Dashboard\\src\\components\\GoalTracker.tsx","statementMap":{"0":{"start":{"line":9,"column":2},"end":{"line":58,"column":null}},"1":{"start":{"line":16,"column":22},"end":{"line":16,"column":null}},"2":{"start":{"line":17,"column":29},"end":{"line":17,"column":null}},"3":{"start":{"line":18,"column":10},"end":{"line":54,"column":null}}},"fnMap":{"0":{"name":"GoalTracker","decl":{"start":{"line":8,"column":16},"end":{"line":8,"column":28}},"loc":{"start":{"line":8,"column":57},"end":{"line":60,"column":null}},"line":8},"1":{"name":"(anonymous_1)","decl":{"start":{"line":15,"column":15},"end":{"line":15,"column":20}},"loc":{"start":{"line":15,"column":29},"end":{"line":56,"column":9}},"line":15}},"branchMap":{"0":{"loc":{"start":{"line":29,"column":21},"end":{"line":29,"column":null}},"type":"cond-expr","locations":[{"start":{"line":29,"column":41},"end":{"line":29,"column":47}},{"start":{"line":29,"column":47},"end":{"line":29,"column":null}}],"line":29},"1":{"loc":{"start":{"line":31,"column":21},"end":{"line":31,"column":62}},"type":"cond-expr","locations":[{"start":{"line":31,"column":41},"end":{"line":31,"column":59}},{"start":{"line":31,"column":59},"end":{"line":31,"column":62}}],"line":31},"2":{"loc":{"start":{"line":32,"column":21},"end":{"line":32,"column":null}},"type":"cond-expr","locations":[{"start":{"line":32,"column":41},"end":{"line":32,"column":47}},{"start":{"line":32,"column":47},"end":{"line":32,"column":null}}],"line":32},"3":{"loc":{"start":{"line":34,"column":21},"end":{"line":34,"column":null}},"type":"cond-expr","locations":[{"start":{"line":34,"column":41},"end":{"line":34,"column":59}},{"start":{"line":34,"column":59},"end":{"line":34,"column":null}}],"line":34},"4":{"loc":{"start":{"line":38,"column":22},"end":{"line":38,"column":null}},"type":"cond-expr","locations":[{"start":{"line":38,"column":35},"end":{"line":38,"column":52}},{"start":{"line":38,"column":52},"end":{"line":38,"column":null}}],"line":38},"5":{"loc":{"start":{"line":38,"column":52},"end":{"line":38,"column":null}},"type":"cond-expr","locations":[{"start":{"line":38,"column":64},"end":{"line":38,"column":84}},{"start":{"line":38,"column":84},"end":{"line":38,"column":null}}],"line":38},"6":{"loc":{"start":{"line":41,"column":39},"end":{"line":41,"column":null}},"type":"cond-expr","locations":[{"start":{"line":41,"column":52},"end":{"line":41,"column":68}},{"start":{"line":41,"column":68},"end":{"line":41,"column":null}}],"line":41}},"s":{"0":1,"1":6,"2":6,"3":6},"f":{"0":1,"1":6},"b":{"0":[1,5],"1":[5,1],"2":[1,5],"3":[5,1],"4":[0,6],"5":[6,0],"6":[0,6]},"meta":{"lastBranch":7,"lastFunction":2,"lastStatement":4,"seen":{"f:8:16:8:28":0,"s:9:2:58:Infinity":0,"f:15:15:15:20":1,"s:16:22:16:Infinity":1,"s:17:29:17:Infinity":2,"s:18:10:54:Infinity":3,"b:29:41:29:47:29:47:29:Infinity":0,"b:31:41:31:59:31:59:31:62":1,"b:32:41:32:47:32:47:32:Infinity":2,"b:34:41:34:59:34:59:34:Infinity":3,"b:38:35:38:52:38:52:38:Infinity":4,"b:38:64:38:84:38:84:38:Infinity":5,"b:41:52:41:68:41:68:41:Infinity":6},"fnNames":{}}}
,"C:\\Users\\MohammadHossein\\Desktop\\projects\\React-Admin-Dashboard\\src\\components\\Header.tsx": {"path":"C:\\Users\\MohammadHossein\\Desktop\\projects\\React-Admin-Dashboard\\src\\components\\Header.tsx","statementMap":{"0":{"start":{"line":9,"column":22},"end":{"line":21,"column":null}},"1":{"start":{"line":10,"column":25},"end":{"line":10,"column":40}},"2":{"start":{"line":11,"column":24},"end":{"line":11,"column":null}},"3":{"start":{"line":13,"column":2},"end":{"line":19,"column":null}}},"fnMap":{"0":{"name":"Header","decl":{"start":{"line":9,"column":36},"end":{"line":9,"column":43}},"loc":{"start":{"line":9,"column":77},"end":{"line":21,"column":1}},"line":9}},"branchMap":{"0":{"loc":{"start":{"line":11,"column":24},"end":{"line":11,"column":null}},"type":"binary-expr","locations":[{"start":{"line":11,"column":24},"end":{"line":11,"column":33}},{"start":{"line":11,"column":33},"end":{"line":11,"column":null}}],"line":11},"1":{"loc":{"start":{"line":15,"column":7},"end":{"line":18,"column":19}},"type":"binary-expr","locations":[{"start":{"line":15,"column":7},"end":{"line":15,"column":null}},{"start":{"line":16,"column":8},"end":{"line":18,"column":19}}],"line":15},"2":{"loc":{"start":{"line":18,"column":7},"end":{"line":19,"column":null}},"type":"binary-expr","locations":[{"start":{"line":18,"column":7},"end":{"line":18,"column":19}},{"start":{"line":18,"column":19},"end":{"line":19,"column":null}}],"line":18}},"s":{"0":6,"1":40,"2":40,"3":40},"f":{"0":40},"b":{"0":[40,39],"1":[40,40],"2":[40,40]},"meta":{"lastBranch":3,"lastFunction":1,"lastStatement":4,"seen":{"s:9:22:21:Infinity":0,"f:9:36:9:43":0,"s:10:25:10:40":1,"s:11:24:11:Infinity":2,"b:11:24:11:33:11:33:11:Infinity":0,"s:13:2:19:Infinity":3,"b:15:7:15:Infinity:16:8:18:19":1,"b:18:7:18:19:18:19:19:Infinity":2},"fnNames":{}}}
,"C:\\Users\\MohammadHossein\\Desktop\\projects\\React-Admin-Dashboard\\src\\components\\KanbanBoard.tsx": {"path":"C:\\Users\\MohammadHossein\\Desktop\\projects\\React-Admin-Dashboard\\src\\components\\KanbanBoard.tsx","statementMap":{"0":{"start":{"line":13,"column":20},"end":{"line":18,"column":null}},"1":{"start":{"line":15,"column":6},"end":{"line":15,"column":null}},"2":{"start":{"line":15,"column":32},"end":{"line":15,"column":55}},"3":{"start":{"line":20,"column":2},"end":{"line":27,"column":null}},"4":{"start":{"line":24,"column":10},"end":{"line":24,"column":null}}},"fnMap":{"0":{"name":"KanbanBoard","decl":{"start":{"line":12,"column":16},"end":{"line":12,"column":28}},"loc":{"start":{"line":12,"column":76},"end":{"line":29,"column":null}},"line":12},"1":{"name":"(anonymous_1)","decl":{"start":{"line":13,"column":20},"end":{"line":13,"column":null}},"loc":{"start":{"line":14,"column":28},"end":{"line":16,"column":null}},"line":14},"2":{"name":"(anonymous_2)","decl":{"start":{"line":15,"column":6},"end":{"line":15,"column":23}},"loc":{"start":{"line":15,"column":32},"end":{"line":15,"column":55}},"line":15},"3":{"name":"(anonymous_3)","decl":{"start":{"line":23,"column":17},"end":{"line":23,"column":22}},"loc":{"start":{"line":24,"column":10},"end":{"line":24,"column":null}},"line":24}},"branchMap":{},"s":{"0":72,"1":0,"2":0,"3":72,"4":215},"f":{"0":72,"1":0,"2":0,"3":215},"b":{},"meta":{"lastBranch":0,"lastFunction":4,"lastStatement":5,"seen":{"f:12:16:12:28":0,"s:13:20:18:Infinity":0,"f:13:20:13:Infinity":1,"s:15:6:15:Infinity":1,"f:15:6:15:23":2,"s:15:32:15:55":2,"s:20:2:27:Infinity":3,"f:23:17:23:22":3,"s:24:10:24:Infinity":4},"fnNames":{}}}
,"C:\\Users\\MohammadHossein\\Desktop\\projects\\React-Admin-Dashboard\\src\\components\\KanbanCard.tsx": {"path":"C:\\Users\\MohammadHossein\\Desktop\\projects\\React-Admin-Dashboard\\src\\components\\KanbanCard.tsx","statementMap":{"0":{"start":{"line":12,"column":23},"end":{"line":16,"column":null}},"1":{"start":{"line":18,"column":26},"end":{"line":55,"column":null}},"2":{"start":{"line":19,"column":17},"end":{"line":19,"column":null}},"3":{"start":{"line":21,"column":2},"end":{"line":53,"column":null}},"4":{"start":{"line":24,"column":8},"end":{"line":51,"column":null}},"5":{"start":{"line":46,"column":28},"end":{"line":46,"column":32}}},"fnMap":{"0":{"name":"KanbanCard","decl":{"start":{"line":18,"column":40},"end":{"line":18,"column":51}},"loc":{"start":{"line":18,"column":85},"end":{"line":55,"column":1}},"line":18},"1":{"name":"(anonymous_1)","decl":{"start":{"line":23,"column":8},"end":{"line":23,"column":18}},"loc":{"start":{"line":24,"column":8},"end":{"line":51,"column":null}},"line":24},"2":{"name":"(anonymous_2)","decl":{"start":{"line":46,"column":17},"end":{"line":46,"column":22}},"loc":{"start":{"line":46,"column":28},"end":{"line":46,"column":32}},"line":46}},"branchMap":{"0":{"loc":{"start":{"line":30,"column":12},"end":{"line":30,"column":null}},"type":"binary-expr","locations":[{"start":{"line":30,"column":12},"end":{"line":30,"column":35}},{"start":{"line":30,"column":35},"end":{"line":30,"column":null}}],"line":30}},"s":{"0":3,"1":3,"2":65,"3":65,"4":65,"5":125},"f":{"0":65,"1":65,"2":125},"b":{"0":[65,0]},"meta":{"lastBranch":1,"lastFunction":3,"lastStatement":6,"seen":{"s:12:23:16:Infinity":0,"s:18:26:55:Infinity":1,"f:18:40:18:51":0,"s:19:17:19:Infinity":2,"s:21:2:53:Infinity":3,"f:23:8:23:18":1,"s:24:8:51:Infinity":4,"b:30:12:30:35:30:35:30:Infinity":0,"f:46:17:46:22":2,"s:46:28:46:32":5},"fnNames":{}}}
,"C:\\Users\\MohammadHossein\\Desktop\\projects\\React-Admin-Dashboard\\src\\components\\KanbanColumn.tsx": {"path":"C:\\Users\\MohammadHossein\\Desktop\\projects\\React-Admin-Dashboard\\src\\components\\KanbanColumn.tsx","statementMap":{"0":{"start":{"line":11,"column":37},"end":{"line":39,"column":null}},"1":{"start":{"line":12,"column":2},"end":{"line":37,"column":null}},"2":{"start":{"line":22,"column":10},"end":{"line":34,"column":null}},"3":{"start":{"line":31,"column":14},"end":{"line":31,"column":null}}},"fnMap":{"0":{"name":"KanbanColumnComponent","decl":{"start":{"line":11,"column":51},"end":{"line":11,"column":73}},"loc":{"start":{"line":11,"column":104},"end":{"line":39,"column":1}},"line":11},"1":{"name":"(anonymous_1)","decl":{"start":{"line":21,"column":10},"end":{"line":21,"column":20}},"loc":{"start":{"line":22,"column":10},"end":{"line":34,"column":null}},"line":22},"2":{"name":"(anonymous_2)","decl":{"start":{"line":30,"column":26},"end":{"line":30,"column":31}},"loc":{"start":{"line":31,"column":14},"end":{"line":31,"column":null}},"line":31}},"branchMap":{"0":{"loc":{"start":{"line":27,"column":14},"end":{"line":27,"column":null}},"type":"binary-expr","locations":[{"start":{"line":27,"column":14},"end":{"line":27,"column":41}},{"start":{"line":27,"column":41},"end":{"line":27,"column":null}}],"line":27}},"s":{"0":3,"1":22,"2":22,"3":73},"f":{"0":22,"1":22,"2":73},"b":{"0":[22,0]},"meta":{"lastBranch":1,"lastFunction":3,"lastStatement":4,"seen":{"s:11:37:39:Infinity":0,"f:11:51:11:73":0,"s:12:2:37:Infinity":1,"f:21:10:21:20":1,"s:22:10:34:Infinity":2,"b:27:14:27:41:27:41:27:Infinity":0,"f:30:26:30:31":2,"s:31:14:31:Infinity":3},"fnNames":{}}}
,"C:\\Users\\MohammadHossein\\Desktop\\projects\\React-Admin-Dashboard\\src\\components\\ListPage.tsx": {"path":"C:\\Users\\MohammadHossein\\Desktop\\projects\\React-Admin-Dashboard\\src\\components\\ListPage.tsx","statementMap":{"0":{"start":{"line":25,"column":43},"end":{"line":25,"column":null}},"1":{"start":{"line":27,"column":2},"end":{"line":42,"column":null}}},"fnMap":{"0":{"name":"ListPage","decl":{"start":{"line":17,"column":16},"end":{"line":17,"column":44}},"loc":{"start":{"line":24,"column":21},"end":{"line":44,"column":null}},"line":24}},"branchMap":{"0":{"loc":{"start":{"line":30,"column":7},"end":{"line":42,"column":null}},"type":"cond-expr","locations":[{"start":{"line":31,"column":8},"end":{"line":32,"column":null}},{"start":{"line":32,"column":10},"end":{"line":42,"column":null}}],"line":30},"1":{"loc":{"start":{"line":32,"column":10},"end":{"line":42,"column":null}},"type":"cond-expr","locations":[{"start":{"line":33,"column":8},"end":{"line":35,"column":9}},{"start":{"line":35,"column":8},"end":{"line":42,"column":null}}],"line":32},"2":{"loc":{"start":{"line":37,"column":16},"end":{"line":37,"column":null}},"type":"binary-expr","locations":[{"start":{"line":37,"column":16},"end":{"line":37,"column":24}},{"start":{"line":37,"column":24},"end":{"line":37,"column":null}}],"line":37}},"s":{"0":14,"1":14},"f":{"0":14},"b":{"0":[7,7],"1":[1,6],"2":[6,0]},"meta":{"lastBranch":3,"lastFunction":1,"lastStatement":2,"seen":{"f:17:16:17:44":0,"s:25:43:25:Infinity":0,"s:27:2:42:Infinity":1,"b:31:8:32:Infinity:32:10:42:Infinity":0,"b:33:8:35:9:35:8:42:Infinity":1,"b:37:16:37:24:37:24:37:Infinity":2},"fnNames":{}}}
,"C:\\Users\\MohammadHossein\\Desktop\\projects\\React-Admin-Dashboard\\src\\components\\NotificationsPanel.tsx": {"path":"C:\\Users\\MohammadHossein\\Desktop\\projects\\React-Admin-Dashboard\\src\\components\\NotificationsPanel.tsx","statementMap":{"0":{"start":{"line":14,"column":74},"end":{"line":14,"column":91}},"1":{"start":{"line":15,"column":19},"end":{"line":15,"column":31}},"2":{"start":{"line":17,"column":34},"end":{"line":26,"column":null}},"3":{"start":{"line":19,"column":6},"end":{"line":19,"column":null}},"4":{"start":{"line":20,"column":6},"end":{"line":22,"column":null}},"5":{"start":{"line":21,"column":8},"end":{"line":21,"column":null}},"6":{"start":{"line":23,"column":6},"end":{"line":23,"column":null}},"7":{"start":{"line":28,"column":2},"end":{"line":121,"column":null}},"8":{"start":{"line":69,"column":25},"end":{"line":69,"column":null}},"9":{"start":{"line":70,"column":12},"end":{"line":116,"column":null}},"10":{"start":{"line":73,"column":33},"end":{"line":73,"column":null}}},"fnMap":{"0":{"name":"NotificationsPanel","decl":{"start":{"line":13,"column":16},"end":{"line":13,"column":35}},"loc":{"start":{"line":13,"column":73},"end":{"line":123,"column":null}},"line":13},"1":{"name":"(anonymous_1)","decl":{"start":{"line":17,"column":34},"end":{"line":17,"column":null}},"loc":{"start":{"line":18,"column":35},"end":{"line":24,"column":null}},"line":18},"2":{"name":"(anonymous_2)","decl":{"start":{"line":68,"column":24},"end":{"line":68,"column":29}},"loc":{"start":{"line":68,"column":53},"end":{"line":118,"column":11}},"line":68},"3":{"name":"(anonymous_3)","decl":{"start":{"line":73,"column":18},"end":{"line":73,"column":33}},"loc":{"start":{"line":73,"column":33},"end":{"line":73,"column":null}},"line":73}},"branchMap":{"0":{"loc":{"start":{"line":20,"column":6},"end":{"line":22,"column":null}},"type":"if","locations":[{"start":{"line":20,"column":6},"end":{"line":22,"column":null}},{"start":{},"end":{}}],"line":20},"1":{"loc":{"start":{"line":34,"column":11},"end":{"line":39,"column":null}},"type":"binary-expr","locations":[{"start":{"line":34,"column":11},"end":{"line":34,"column":null}},{"start":{"line":35,"column":12},"end":{"line":39,"column":null}}],"line":34},"2":{"loc":{"start":{"line":41,"column":11},"end":{"line":47,"column":25}},"type":"binary-expr","locations":[{"start":{"line":41,"column":11},"end":{"line":41,"column":null}},{"start":{"line":42,"column":12},"end":{"line":47,"column":25}}],"line":41},"3":{"loc":{"start":{"line":47,"column":11},"end":{"line":58,"column":null}},"type":"binary-expr","locations":[{"start":{"line":47,"column":11},"end":{"line":47,"column":null}},{"start":{"line":48,"column":12},"end":{"line":58,"column":null}}],"line":47},"4":{"loc":{"start":{"line":65,"column":9},"end":{"line":118,"column":null}},"type":"cond-expr","locations":[{"start":{"line":66,"column":10},"end":{"line":68,"column":24}},{"start":{"line":68,"column":10},"end":{"line":118,"column":null}}],"line":65},"5":{"loc":{"start":{"line":74,"column":54},"end":{"line":74,"column":null}},"type":"cond-expr","locations":[{"start":{"line":74,"column":74},"end":{"line":74,"column":79}},{"start":{"line":74,"column":79},"end":{"line":74,"column":null}}],"line":74},"6":{"loc":{"start":{"line":77,"column":20},"end":{"line":77,"column":null}},"type":"binary-expr","locations":[{"start":{"line":77,"column":20},"end":{"line":77,"column":42}},{"start":{"line":77,"column":42},"end":{"line":77,"column":null}}],"line":77},"7":{"loc":{"start":{"line":83,"column":22},"end":{"line":85,"column":null}},"type":"cond-expr","locations":[{"start":{"line":84,"column":26},"end":{"line":84,"column":null}},{"start":{"line":85,"column":26},"end":{"line":85,"column":null}}],"line":83},"8":{"loc":{"start":{"line":95,"column":26},"end":{"line":97,"column":null}},"type":"cond-expr","locations":[{"start":{"line":96,"column":30},"end":{"line":96,"column":null}},{"start":{"line":97,"column":30},"end":{"line":97,"column":null}}],"line":95},"9":{"loc":{"start":{"line":102,"column":23},"end":{"line":108,"column":null}},"type":"binary-expr","locations":[{"start":{"line":102,"column":23},"end":{"line":102,"column":null}},{"start":{"line":103,"column":24},"end":{"line":108,"column":null}}],"line":102},"10":{"loc":{"start":{"line":115,"column":17},"end":{"line":116,"column":null}},"type":"binary-expr","locations":[{"start":{"line":115,"column":17},"end":{"line":115,"column":53}},{"start":{"line":115,"column":53},"end":{"line":116,"column":null}}],"line":115}},"s":{"0":11,"1":11,"2":11,"3":1,"4":1,"5":1,"6":1,"7":11,"8":72,"9":72,"10":1},"f":{"0":11,"1":1,"2":72,"3":1},"b":{"0":[1,0],"1":[11,7],"2":[11,7],"3":[11,9],"4":[2,9],"5":[53,19],"6":[72,19],"7":[53,19],"8":[53,19],"9":[72,19],"10":[72,63]},"meta":{"lastBranch":11,"lastFunction":4,"lastStatement":11,"seen":{"f:13:16:13:35":0,"s:14:74:14:91":0,"s:15:19:15:31":1,"s:17:34:26:Infinity":2,"f:17:34:17:Infinity":1,"s:19:6:19:Infinity":3,"b:20:6:22:Infinity:undefined:undefined:undefined:undefined":0,"s:20:6:22:Infinity":4,"s:21:8:21:Infinity":5,"s:23:6:23:Infinity":6,"s:28:2:121:Infinity":7,"b:34:11:34:Infinity:35:12:39:Infinity":1,"b:41:11:41:Infinity:42:12:47:25":2,"b:47:11:47:Infinity:48:12:58:Infinity":3,"b:66:10:68:24:68:10:118:Infinity":4,"f:68:24:68:29":2,"s:69:25:69:Infinity":8,"s:70:12:116:Infinity":9,"f:73:18:73:33":3,"s:73:33:73:Infinity":10,"b:74:74:74:79:74:79:74:Infinity":5,"b:77:20:77:42:77:42:77:Infinity":6,"b:84:26:84:Infinity:85:26:85:Infinity":7,"b:96:30:96:Infinity:97:30:97:Infinity":8,"b:102:23:102:Infinity:103:24:108:Infinity":9,"b:115:17:115:53:115:53:116:Infinity":10},"fnNames":{}}}
,"C:\\Users\\MohammadHossein\\Desktop\\projects\\React-Admin-Dashboard\\src\\components\\PageHeader.tsx": {"path":"C:\\Users\\MohammadHossein\\Desktop\\projects\\React-Admin-Dashboard\\src\\components\\PageHeader.tsx","statementMap":{"0":{"start":{"line":11,"column":2},"end":{"line":15,"column":null}}},"fnMap":{"0":{"name":"PageHeader","decl":{"start":{"line":10,"column":16},"end":{"line":10,"column":27}},"loc":{"start":{"line":10,"column":74},"end":{"line":17,"column":null}},"line":10}},"branchMap":{"0":{"loc":{"start":{"line":14,"column":7},"end":{"line":15,"column":null}},"type":"binary-expr","locations":[{"start":{"line":14,"column":7},"end":{"line":14,"column":18}},{"start":{"line":14,"column":18},"end":{"line":15,"column":null}}],"line":14}},"s":{"0":86},"f":{"0":86},"b":{"0":[86,86]},"meta":{"lastBranch":1,"lastFunction":1,"lastStatement":1,"seen":{"f:10:16:10:27":0,"s:11:2:15:Infinity":0,"b:14:7:14:18:14:18:15:Infinity":0},"fnNames":{}}}
,"C:\\Users\\MohammadHossein\\Desktop\\projects\\React-Admin-Dashboard\\src\\components\\ProgressCircle.tsx": {"path":"C:\\Users\\MohammadHossein\\Desktop\\projects\\React-Admin-Dashboard\\src\\components\\ProgressCircle.tsx","statementMap":{"0":{"start":{"line":9,"column":30},"end":{"line":51,"column":null}},"1":{"start":{"line":10,"column":8},"end":{"line":10,"column":null}},"2":{"start":{"line":11,"column":24},"end":{"line":11,"column":null}},"3":{"start":{"line":12,"column":17},"end":{"line":12,"column":null}},"4":{"start":{"line":14,"column":2},"end":{"line":49,"column":null}}},"fnMap":{"0":{"name":"ProgressCircle","decl":{"start":{"line":9,"column":44},"end":{"line":9,"column":59}},"loc":{"start":{"line":9,"column":131},"end":{"line":51,"column":1}},"line":9}},"branchMap":{"0":{"loc":{"start":{"line":9,"column":61},"end":{"line":9,"column":78}},"type":"default-arg","locations":[{"start":{"line":9,"column":72},"end":{"line":9,"column":78}}],"line":9},"1":{"loc":{"start":{"line":9,"column":78},"end":{"line":9,"column":89}},"type":"default-arg","locations":[{"start":{"line":9,"column":85},"end":{"line":9,"column":89}}],"line":9},"2":{"loc":{"start":{"line":9,"column":89},"end":{"line":9,"column":131}},"type":"default-arg","locations":[{"start":{"line":9,"column":101},"end":{"line":9,"column":131}}],"line":9},"3":{"loc":{"start":{"line":44,"column":7},"end":{"line":49,"column":null}},"type":"binary-expr","locations":[{"start":{"line":44,"column":7},"end":{"line":44,"column":null}},{"start":{"line":45,"column":8},"end":{"line":49,"column":null}}],"line":44}},"s":{"0":3,"1":13,"2":13,"3":13,"4":13},"f":{"0":13},"b":{"0":[13],"1":[13],"2":[13],"3":[13,2]},"meta":{"lastBranch":4,"lastFunction":1,"lastStatement":5,"seen":{"s:9:30:51:Infinity":0,"f:9:44:9:59":0,"b:9:72:9:78":0,"b:9:85:9:89":1,"b:9:101:9:131":2,"s:10:8:10:Infinity":1,"s:11:24:11:Infinity":2,"s:12:17:12:Infinity":3,"s:14:2:49:Infinity":4,"b:44:7:44:Infinity:45:8:49:Infinity":3},"fnNames":{}}}
,"C:\\Users\\MohammadHossein\\Desktop\\projects\\React-Admin-Dashboard\\src\\components\\RealtimeMetrics.tsx": {"path":"C:\\Users\\MohammadHossein\\Desktop\\projects\\React-Admin-Dashboard\\src\\components\\RealtimeMetrics.tsx","statementMap":{"0":{"start":{"line":14,"column":16},"end":{"line":19,"column":null}},"1":{"start":{"line":22,"column":30},"end":{"line":22,"column":null}},"2":{"start":{"line":22,"column":58},"end":{"line":22,"column":65}},"3":{"start":{"line":24,"column":2},"end":{"line":34,"column":null}},"4":{"start":{"line":25,"column":21},"end":{"line":32,"column":null}},"5":{"start":{"line":26,"column":6},"end":{"line":31,"column":null}},"6":{"start":{"line":27,"column":8},"end":{"line":30,"column":null}},"7":{"start":{"line":28,"column":24},"end":{"line":28,"column":null}},"8":{"start":{"line":29,"column":10},"end":{"line":29,"column":null}},"9":{"start":{"line":33,"column":4},"end":{"line":33,"column":null}},"10":{"start":{"line":33,"column":17},"end":{"line":33,"column":null}},"11":{"start":{"line":36,"column":2},"end":{"line":68,"column":null}},"12":{"start":{"line":39,"column":21},"end":{"line":39,"column":null}},"13":{"start":{"line":40,"column":8},"end":{"line":65,"column":null}}},"fnMap":{"0":{"name":"RealtimeMetrics","decl":{"start":{"line":21,"column":16},"end":{"line":21,"column":32}},"loc":{"start":{"line":21,"column":68},"end":{"line":70,"column":null}},"line":21},"1":{"name":"(anonymous_1)","decl":{"start":{"line":22,"column":47},"end":{"line":22,"column":52}},"loc":{"start":{"line":22,"column":58},"end":{"line":22,"column":65}},"line":22},"2":{"name":"(anonymous_2)","decl":{"start":{"line":24,"column":2},"end":{"line":24,"column":18}},"loc":{"start":{"line":24,"column":18},"end":{"line":34,"column":5}},"line":24},"3":{"name":"(anonymous_3)","decl":{"start":{"line":25,"column":21},"end":{"line":25,"column":39}},"loc":{"start":{"line":25,"column":39},"end":{"line":32,"column":7}},"line":25},"4":{"name":"(anonymous_4)","decl":{"start":{"line":26,"column":6},"end":{"line":26,"column":17}},"loc":{"start":{"line":27,"column":8},"end":{"line":30,"column":null}},"line":27},"5":{"name":"(anonymous_5)","decl":{"start":{"line":27,"column":13},"end":{"line":27,"column":18}},"loc":{"start":{"line":27,"column":24},"end":{"line":30,"column":9}},"line":27},"6":{"name":"(anonymous_6)","decl":{"start":{"line":33,"column":4},"end":{"line":33,"column":17}},"loc":{"start":{"line":33,"column":17},"end":{"line":33,"column":null}},"line":33},"7":{"name":"(anonymous_7)","decl":{"start":{"line":38,"column":15},"end":{"line":38,"column":20}},"loc":{"start":{"line":38,"column":38},"end":{"line":67,"column":7}},"line":38}},"branchMap":{"0":{"loc":{"start":{"line":49,"column":20},"end":{"line":49,"column":null}},"type":"cond-expr","locations":[{"start":{"line":49,"column":41},"end":{"line":49,"column":58}},{"start":{"line":49,"column":58},"end":{"line":49,"column":null}}],"line":49},"1":{"loc":{"start":{"line":52,"column":19},"end":{"line":52,"column":null}},"type":"cond-expr","locations":[{"start":{"line":52,"column":40},"end":{"line":52,"column":46}},{"start":{"line":52,"column":46},"end":{"line":52,"column":null}}],"line":52},"2":{"loc":{"start":{"line":58,"column":19},"end":{"line":58,"column":null}},"type":"binary-expr","locations":[{"start":{"line":58,"column":19},"end":{"line":58,"column":36}},{"start":{"line":58,"column":36},"end":{"line":58,"column":null}}],"line":58},"3":{"loc":{"start":{"line":59,"column":19},"end":{"line":59,"column":null}},"type":"binary-expr","locations":[{"start":{"line":59,"column":19},"end":{"line":59,"column":54}},{"start":{"line":59,"column":54},"end":{"line":59,"column":null}}],"line":59},"4":{"loc":{"start":{"line":60,"column":19},"end":{"line":60,"column":null}},"type":"binary-expr","locations":[{"start":{"line":60,"column":19},"end":{"line":60,"column":36}},{"start":{"line":60,"column":36},"end":{"line":60,"column":null}}],"line":60}},"s":{"0":1,"1":1,"2":4,"3":1,"4":1,"5":0,"6":0,"7":0,"8":0,"9":1,"10":1,"11":1,"12":4,"13":4},"f":{"0":1,"1":4,"2":1,"3":0,"4":0,"5":0,"6":1,"7":4},"b":{"0":[3,1],"1":[3,1],"2":[4,3],"3":[4,0],"4":[4,3]},"meta":{"lastBranch":5,"lastFunction":8,"lastStatement":14,"seen":{"s:14:16:19:Infinity":0,"f:21:16:21:32":0,"s:22:30:22:Infinity":1,"f:22:47:22:52":1,"s:22:58:22:65":2,"s:24:2:34:Infinity":3,"f:24:2:24:18":2,"s:25:21:32:Infinity":4,"f:25:21:25:39":3,"s:26:6:31:Infinity":5,"f:26:6:26:17":4,"s:27:8:30:Infinity":6,"f:27:13:27:18":5,"s:28:24:28:Infinity":7,"s:29:10:29:Infinity":8,"s:33:4:33:Infinity":9,"f:33:4:33:17":6,"s:33:17:33:Infinity":10,"s:36:2:68:Infinity":11,"f:38:15:38:20":7,"s:39:21:39:Infinity":12,"s:40:8:65:Infinity":13,"b:49:41:49:58:49:58:49:Infinity":0,"b:52:40:52:46:52:46:52:Infinity":1,"b:58:19:58:36:58:36:58:Infinity":2,"b:59:19:59:54:59:54:59:Infinity":3,"b:60:19:60:36:60:36:60:Infinity":4},"fnNames":{}}}
,"C:\\Users\\MohammadHossein\\Desktop\\projects\\React-Admin-Dashboard\\src\\components\\RecentActivity.tsx": {"path":"C:\\Users\\MohammadHossein\\Desktop\\projects\\React-Admin-Dashboard\\src\\components\\RecentActivity.tsx","statementMap":{"0":{"start":{"line":4,"column":2},"end":{"line":24,"column":null}},"1":{"start":{"line":7,"column":21},"end":{"line":7,"column":null}},"2":{"start":{"line":8,"column":8},"end":{"line":21,"column":null}}},"fnMap":{"0":{"name":"RecentActivity","decl":{"start":{"line":3,"column":16},"end":{"line":3,"column":33}},"loc":{"start":{"line":3,"column":33},"end":{"line":26,"column":null}},"line":3},"1":{"name":"(anonymous_1)","decl":{"start":{"line":6,"column":23},"end":{"line":6,"column":28}},"loc":{"start":{"line":6,"column":38},"end":{"line":23,"column":7}},"line":6}},"branchMap":{},"s":{"0":1,"1":6,"2":6},"f":{"0":1,"1":6},"b":{},"meta":{"lastBranch":0,"lastFunction":2,"lastStatement":3,"seen":{"f:3:16:3:33":0,"s:4:2:24:Infinity":0,"f:6:23:6:28":1,"s:7:21:7:Infinity":1,"s:8:8:21:Infinity":2},"fnNames":{}}}
,"C:\\Users\\MohammadHossein\\Desktop\\projects\\React-Admin-Dashboard\\src\\components\\RouteError.tsx": {"path":"C:\\Users\\MohammadHossein\\Desktop\\projects\\React-Admin-Dashboard\\src\\components\\RouteError.tsx","statementMap":{"0":{"start":{"line":6,"column":16},"end":{"line":6,"column":30}},"1":{"start":{"line":8,"column":16},"end":{"line":8,"column":null}},"2":{"start":{"line":9,"column":2},"end":{"line":13,"column":null}},"3":{"start":{"line":10,"column":4},"end":{"line":10,"column":null}},"4":{"start":{"line":11,"column":9},"end":{"line":13,"column":null}},"5":{"start":{"line":12,"column":4},"end":{"line":12,"column":null}},"6":{"start":{"line":15,"column":2},"end":{"line":23,"column":null}}},"fnMap":{"0":{"name":"RouteError","decl":{"start":{"line":5,"column":16},"end":{"line":5,"column":29}},"loc":{"start":{"line":5,"column":29},"end":{"line":25,"column":null}},"line":5}},"branchMap":{"0":{"loc":{"start":{"line":9,"column":2},"end":{"line":13,"column":null}},"type":"if","locations":[{"start":{"line":9,"column":2},"end":{"line":13,"column":null}},{"start":{"line":11,"column":9},"end":{"line":13,"column":null}}],"line":9},"1":{"loc":{"start":{"line":11,"column":9},"end":{"line":13,"column":null}},"type":"if","locations":[{"start":{"line":11,"column":9},"end":{"line":13,"column":null}},{"start":{},"end":{}}],"line":11}},"s":{"0":10,"1":10,"2":10,"3":2,"4":8,"5":6,"6":10},"f":{"0":10},"b":{"0":[2,8],"1":[6,2]},"meta":{"lastBranch":2,"lastFunction":1,"lastStatement":7,"seen":{"f:5:16:5:29":0,"s:6:16:6:30":0,"s:8:16:8:Infinity":1,"b:9:2:13:Infinity:11:9:13:Infinity":0,"s:9:2:13:Infinity":2,"s:10:4:10:Infinity":3,"b:11:9:13:Infinity:undefined:undefined:undefined:undefined":1,"s:11:9:13:Infinity":4,"s:12:4:12:Infinity":5,"s:15:2:23:Infinity":6},"fnNames":{}}}
,"C:\\Users\\MohammadHossein\\Desktop\\projects\\React-Admin-Dashboard\\src\\components\\SearchCommand.tsx": {"path":"C:\\Users\\MohammadHossein\\Desktop\\projects\\React-Admin-Dashboard\\src\\components\\SearchCommand.tsx","statementMap":{"0":{"start":{"line":21,"column":30},"end":{"line":28,"column":null}},"1":{"start":{"line":21,"column":52},"end":{"line":28,"column":2}},"2":{"start":{"line":31,"column":28},"end":{"line":31,"column":null}},"3":{"start":{"line":32,"column":26},"end":{"line":32,"column":null}},"4":{"start":{"line":33,"column":40},"end":{"line":33,"column":null}},"5":{"start":{"line":34,"column":19},"end":{"line":34,"column":31}},"6":{"start":{"line":35,"column":18},"end":{"line":35,"column":null}},"7":{"start":{"line":36,"column":16},"end":{"line":36,"column":31}},"8":{"start":{"line":38,"column":18},"end":{"line":102,"column":null}},"9":{"start":{"line":39,"column":4},"end":{"line":39,"column":null}},"10":{"start":{"line":39,"column":23},"end":{"line":39,"column":null}},"11":{"start":{"line":40,"column":14},"end":{"line":40,"column":null}},"12":{"start":{"line":42,"column":36},"end":{"line":42,"column":null}},"13":{"start":{"line":44,"column":4},"end":{"line":50,"column":null}},"14":{"start":{"line":45,"column":20},"end":{"line":45,"column":null}},"15":{"start":{"line":46,"column":23},"end":{"line":46,"column":null}},"16":{"start":{"line":47,"column":6},"end":{"line":49,"column":null}},"17":{"start":{"line":48,"column":8},"end":{"line":48,"column":null}},"18":{"start":{"line":52,"column":4},"end":{"line":66,"column":null}},"19":{"start":{"line":53,"column":6},"end":{"line":65,"column":null}},"20":{"start":{"line":57,"column":8},"end":{"line":64,"column":null}},"21":{"start":{"line":68,"column":4},"end":{"line":83,"column":null}},"22":{"start":{"line":69,"column":6},"end":{"line":82,"column":null}},"23":{"start":{"line":74,"column":8},"end":{"line":81,"column":null}},"24":{"start":{"line":85,"column":4},"end":{"line":99,"column":null}},"25":{"start":{"line":86,"column":6},"end":{"line":98,"column":null}},"26":{"start":{"line":90,"column":8},"end":{"line":97,"column":null}},"27":{"start":{"line":101,"column":4},"end":{"line":101,"column":null}},"28":{"start":{"line":104,"column":2},"end":{"line":108,"column":null}},"29":{"start":{"line":105,"column":4},"end":{"line":105,"column":null}},"30":{"start":{"line":105,"column":45},"end":{"line":105,"column":null}},"31":{"start":{"line":106,"column":15},"end":{"line":106,"column":null}},"32":{"start":{"line":107,"column":4},"end":{"line":107,"column":null}},"33":{"start":{"line":110,"column":23},"end":{"line":118,"column":null}},"34":{"start":{"line":112,"column":6},"end":{"line":112,"column":null}},"35":{"start":{"line":113,"column":6},"end":{"line":113,"column":null}},"36":{"start":{"line":114,"column":6},"end":{"line":114,"column":null}},"37":{"start":{"line":115,"column":6},"end":{"line":115,"column":null}},"38":{"start":{"line":120,"column":24},"end":{"line":146,"column":null}},"39":{"start":{"line":122,"column":6},"end":{"line":122,"column":null}},"40":{"start":{"line":122,"column":32},"end":{"line":122,"column":null}},"41":{"start":{"line":123,"column":6},"end":{"line":143,"column":null}},"42":{"start":{"line":125,"column":10},"end":{"line":125,"column":null}},"43":{"start":{"line":126,"column":10},"end":{"line":126,"column":null}},"44":{"start":{"line":127,"column":10},"end":{"line":127,"column":null}},"45":{"start":{"line":127,"column":26},"end":{"line":127,"column":62}},"46":{"start":{"line":128,"column":10},"end":{"line":128,"column":null}},"47":{"start":{"line":130,"column":10},"end":{"line":130,"column":null}},"48":{"start":{"line":131,"column":10},"end":{"line":131,"column":null}},"49":{"start":{"line":131,"column":36},"end":{"line":131,"column":78}},"50":{"start":{"line":132,"column":10},"end":{"line":132,"column":null}},"51":{"start":{"line":134,"column":10},"end":{"line":137,"column":null}},"52":{"start":{"line":135,"column":12},"end":{"line":135,"column":null}},"53":{"start":{"line":136,"column":12},"end":{"line":136,"column":null}},"54":{"start":{"line":138,"column":10},"end":{"line":138,"column":null}},"55":{"start":{"line":140,"column":10},"end":{"line":140,"column":null}},"56":{"start":{"line":141,"column":10},"end":{"line":141,"column":null}},"57":{"start":{"line":142,"column":10},"end":{"line":142,"column":null}},"58":{"start":{"line":148,"column":25},"end":{"line":154,"column":null}},"59":{"start":{"line":149,"column":78},"end":{"line":149,"column":null}},"60":{"start":{"line":150,"column":4},"end":{"line":152,"column":null}},"61":{"start":{"line":151,"column":6},"end":{"line":151,"column":null}},"62":{"start":{"line":153,"column":4},"end":{"line":153,"column":null}},"63":{"start":{"line":156,"column":2},"end":{"line":254,"column":null}},"64":{"start":{"line":160,"column":8},"end":{"line":160,"column":null}},"65":{"start":{"line":161,"column":8},"end":{"line":161,"column":null}},"66":{"start":{"line":180,"column":14},"end":{"line":180,"column":null}},"67":{"start":{"line":181,"column":14},"end":{"line":181,"column":null}},"68":{"start":{"line":182,"column":14},"end":{"line":182,"column":null}},"69":{"start":{"line":185,"column":14},"end":{"line":185,"column":null}},"70":{"start":{"line":185,"column":36},"end":{"line":185,"column":null}},"71":{"start":{"line":194,"column":32},"end":{"line":194,"column":null}},"72":{"start":{"line":209,"column":12},"end":{"line":250,"column":null}},"73":{"start":{"line":219,"column":29},"end":{"line":219,"column":null}},"74":{"start":{"line":220,"column":33},"end":{"line":220,"column":null}},"75":{"start":{"line":221,"column":16},"end":{"line":247,"column":null}},"76":{"start":{"line":230,"column":22},"end":{"line":233,"column":null}},"77":{"start":{"line":231,"column":24},"end":{"line":231,"column":null}},"78":{"start":{"line":232,"column":24},"end":{"line":232,"column":null}},"79":{"start":{"line":239,"column":40},"end":{"line":239,"column":null}},"80":{"start":{"line":240,"column":35},"end":{"line":240,"column":null}}},"fnMap":{"0":{"name":"(anonymous_0)","decl":{"start":{"line":21,"column":37},"end":{"line":21,"column":42}},"loc":{"start":{"line":21,"column":52},"end":{"line":28,"column":2}},"line":21},"1":{"name":"SearchCommand","decl":{"start":{"line":30,"column":16},"end":{"line":30,"column":32}},"loc":{"start":{"line":30,"column":32},"end":{"line":256,"column":null}},"line":30},"2":{"name":"(anonymous_2)","decl":{"start":{"line":38,"column":18},"end":{"line":38,"column":32}},"loc":{"start":{"line":38,"column":32},"end":{"line":102,"column":5}},"line":38},"3":{"name":"(anonymous_3)","decl":{"start":{"line":104,"column":2},"end":{"line":104,"column":18}},"loc":{"start":{"line":104,"column":18},"end":{"line":108,"column":5}},"line":104},"4":{"name":"(anonymous_4)","decl":{"start":{"line":110,"column":23},"end":{"line":110,"column":null}},"loc":{"start":{"line":111,"column":22},"end":{"line":116,"column":null}},"line":111},"5":{"name":"(anonymous_5)","decl":{"start":{"line":120,"column":24},"end":{"line":120,"column":null}},"loc":{"start":{"line":121,"column":50},"end":{"line":144,"column":null}},"line":121},"6":{"name":"(anonymous_6)","decl":{"start":{"line":127,"column":10},"end":{"line":127,"column":26}},"loc":{"start":{"line":127,"column":26},"end":{"line":127,"column":62}},"line":127},"7":{"name":"(anonymous_7)","decl":{"start":{"line":131,"column":10},"end":{"line":131,"column":26}},"loc":{"start":{"line":131,"column":36},"end":{"line":131,"column":78}},"line":131},"8":{"name":"(anonymous_8)","decl":{"start":{"line":148,"column":25},"end":{"line":148,"column":39}},"loc":{"start":{"line":148,"column":39},"end":{"line":154,"column":5}},"line":148},"9":{"name":"(anonymous_9)","decl":{"start":{"line":150,"column":12},"end":{"line":150,"column":21}},"loc":{"start":{"line":150,"column":39},"end":{"line":152,"column":5}},"line":150},"10":{"name":"(anonymous_10)","decl":{"start":{"line":159,"column":6},"end":{"line":159,"column":21}},"loc":{"start":{"line":159,"column":30},"end":{"line":162,"column":null}},"line":159},"11":{"name":"(anonymous_11)","decl":{"start":{"line":179,"column":12},"end":{"line":179,"column":23}},"loc":{"start":{"line":179,"column":29},"end":{"line":183,"column":null}},"line":179},"12":{"name":"(anonymous_12)","decl":{"start":{"line":184,"column":12},"end":{"line":184,"column":27}},"loc":{"start":{"line":184,"column":27},"end":{"line":186,"column":null}},"line":184},"13":{"name":"(anonymous_13)","decl":{"start":{"line":194,"column":8},"end":{"line":194,"column":26}},"loc":{"start":{"line":194,"column":32},"end":{"line":194,"column":null}},"line":194},"14":{"name":"(anonymous_14)","decl":{"start":{"line":208,"column":42},"end":{"line":208,"column":47}},"loc":{"start":{"line":209,"column":12},"end":{"line":250,"column":null}},"line":209},"15":{"name":"(anonymous_15)","decl":{"start":{"line":218,"column":23},"end":{"line":218,"column":28}},"loc":{"start":{"line":218,"column":50},"end":{"line":249,"column":15}},"line":218},"16":{"name":"(anonymous_16)","decl":{"start":{"line":229,"column":20},"end":{"line":229,"column":32}},"loc":{"start":{"line":229,"column":38},"end":{"line":234,"column":null}},"line":229},"17":{"name":"(anonymous_17)","decl":{"start":{"line":239,"column":20},"end":{"line":239,"column":40}},"loc":{"start":{"line":239,"column":40},"end":{"line":239,"column":null}},"line":239},"18":{"name":"(anonymous_18)","decl":{"start":{"line":240,"column":20},"end":{"line":240,"column":35}},"loc":{"start":{"line":240,"column":35},"end":{"line":240,"column":null}},"line":240}},"branchMap":{"0":{"loc":{"start":{"line":22,"column":14},"end":{"line":22,"column":null}},"type":"cond-expr","locations":[{"start":{"line":22,"column":34},"end":{"line":22,"column":48}},{"start":{"line":22,"column":48},"end":{"line":22,"column":null}}],"line":22},"1":{"loc":{"start":{"line":39,"column":4},"end":{"line":39,"column":null}},"type":"if","locations":[{"start":{"line":39,"column":4},"end":{"line":39,"column":null}},{"start":{},"end":{}}],"line":39},"2":{"loc":{"start":{"line":47,"column":6},"end":{"line":49,"column":null}},"type":"if","locations":[{"start":{"line":47,"column":6},"end":{"line":49,"column":null}},{"start":{},"end":{}}],"line":47},"3":{"loc":{"start":{"line":47,"column":10},"end":{"line":47,"column":81}},"type":"binary-expr","locations":[{"start":{"line":47,"column":10},"end":{"line":47,"column":45}},{"start":{"line":47,"column":45},"end":{"line":47,"column":81}}],"line":47},"4":{"loc":{"start":{"line":53,"column":6},"end":{"line":65,"column":null}},"type":"if","locations":[{"start":{"line":53,"column":6},"end":{"line":65,"column":null}},{"start":{},"end":{}}],"line":53},"5":{"loc":{"start":{"line":54,"column":8},"end":{"line":55,"column":null}},"type":"binary-expr","locations":[{"start":{"line":54,"column":8},"end":{"line":54,"column":null}},{"start":{"line":55,"column":8},"end":{"line":55,"column":null}}],"line":54},"6":{"loc":{"start":{"line":69,"column":6},"end":{"line":82,"column":null}},"type":"if","locations":[{"start":{"line":69,"column":6},"end":{"line":82,"column":null}},{"start":{},"end":{}}],"line":69},"7":{"loc":{"start":{"line":70,"column":8},"end":{"line":72,"column":null}},"type":"binary-expr","locations":[{"start":{"line":70,"column":8},"end":{"line":70,"column":null}},{"start":{"line":71,"column":8},"end":{"line":71,"column":null}},{"start":{"line":72,"column":8},"end":{"line":72,"column":null}}],"line":70},"8":{"loc":{"start":{"line":86,"column":6},"end":{"line":98,"column":null}},"type":"if","locations":[{"start":{"line":86,"column":6},"end":{"line":98,"column":null}},{"start":{},"end":{}}],"line":86},"9":{"loc":{"start":{"line":87,"column":8},"end":{"line":88,"column":null}},"type":"binary-expr","locations":[{"start":{"line":87,"column":8},"end":{"line":87,"column":null}},{"start":{"line":88,"column":8},"end":{"line":88,"column":null}}],"line":87},"10":{"loc":{"start":{"line":105,"column":4},"end":{"line":105,"column":null}},"type":"if","locations":[{"start":{"line":105,"column":4},"end":{"line":105,"column":null}},{"start":{},"end":{}}],"line":105},"11":{"loc":{"start":{"line":105,"column":8},"end":{"line":105,"column":45}},"type":"binary-expr","locations":[{"start":{"line":105,"column":8},"end":{"line":105,"column":27}},{"start":{"line":105,"column":27},"end":{"line":105,"column":45}}],"line":105},"12":{"loc":{"start":{"line":122,"column":6},"end":{"line":122,"column":null}},"type":"if","locations":[{"start":{"line":122,"column":6},"end":{"line":122,"column":null}},{"start":{},"end":{}}],"line":122},"13":{"loc":{"start":{"line":123,"column":6},"end":{"line":143,"column":null}},"type":"switch","locations":[{"start":{"line":124,"column":8},"end":{"line":128,"column":null}},{"start":{"line":129,"column":8},"end":{"line":132,"column":null}},{"start":{"line":133,"column":8},"end":{"line":138,"column":null}},{"start":{"line":139,"column":8},"end":{"line":142,"column":null}}],"line":123},"14":{"loc":{"start":{"line":131,"column":36},"end":{"line":131,"column":78}},"type":"cond-expr","locations":[{"start":{"line":131,"column":48},"end":{"line":131,"column":69}},{"start":{"line":131,"column":69},"end":{"line":131,"column":78}}],"line":131},"15":{"loc":{"start":{"line":134,"column":10},"end":{"line":137,"column":null}},"type":"if","locations":[{"start":{"line":134,"column":10},"end":{"line":137,"column":null}},{"start":{},"end":{}}],"line":134},"16":{"loc":{"start":{"line":134,"column":14},"end":{"line":134,"column":56}},"type":"binary-expr","locations":[{"start":{"line":134,"column":14},"end":{"line":134,"column":34}},{"start":{"line":134,"column":34},"end":{"line":134,"column":56}}],"line":134},"17":{"loc":{"start":{"line":175,"column":14},"end":{"line":175,"column":null}},"type":"cond-expr","locations":[{"start":{"line":175,"column":33},"end":{"line":175,"column":66}},{"start":{"line":175,"column":66},"end":{"line":175,"column":null}}],"line":175},"18":{"loc":{"start":{"line":185,"column":14},"end":{"line":185,"column":null}},"type":"if","locations":[{"start":{"line":185,"column":14},"end":{"line":185,"column":null}},{"start":{},"end":{}}],"line":185},"19":{"loc":{"start":{"line":203,"column":11},"end":{"line":208,"column":18}},"type":"binary-expr","locations":[{"start":{"line":203,"column":11},"end":{"line":203,"column":null}},{"start":{"line":204,"column":12},"end":{"line":208,"column":18}}],"line":203},"20":{"loc":{"start":{"line":210,"column":15},"end":{"line":210,"column":null}},"type":"binary-expr","locations":[{"start":{"line":210,"column":15},"end":{"line":210,"column":24}},{"start":{"line":210,"column":24},"end":{"line":210,"column":null}}],"line":210},"21":{"loc":{"start":{"line":230,"column":22},"end":{"line":233,"column":null}},"type":"if","locations":[{"start":{"line":230,"column":22},"end":{"line":233,"column":null}},{"start":{},"end":{}}],"line":230},"22":{"loc":{"start":{"line":230,"column":26},"end":{"line":230,"column":62}},"type":"binary-expr","locations":[{"start":{"line":230,"column":26},"end":{"line":230,"column":47}},{"start":{"line":230,"column":47},"end":{"line":230,"column":62}}],"line":230},"23":{"loc":{"start":{"line":237,"column":22},"end":{"line":237,"column":null}},"type":"binary-expr","locations":[{"start":{"line":237,"column":22},"end":{"line":237,"column":34}},{"start":{"line":237,"column":34},"end":{"line":237,"column":null}}],"line":237}},"s":{"0":4,"1":76,"2":167,"3":167,"4":167,"5":167,"6":167,"7":167,"8":167,"9":153,"10":79,"11":74,"12":74,"13":74,"14":1406,"15":1406,"16":1406,"17":175,"18":74,"19":1036,"20":68,"21":74,"22":1184,"23":107,"24":74,"25":1184,"26":86,"27":74,"28":167,"29":36,"30":35,"31":1,"32":1,"33":167,"34":1,"35":1,"36":1,"37":1,"38":167,"39":76,"40":18,"41":58,"42":1,"43":1,"44":1,"45":1,"46":1,"47":0,"48":0,"49":0,"50":0,"51":1,"52":1,"53":1,"54":1,"55":0,"56":0,"57":0,"58":167,"59":153,"60":153,"61":164,"62":153,"63":167,"64":8,"65":8,"66":78,"67":78,"68":78,"69":4,"70":0,"71":8,"72":74,"73":165,"74":165,"75":165,"76":0,"77":0,"78":0,"79":0,"80":0},"f":{"0":76,"1":167,"2":153,"3":36,"4":1,"5":76,"6":1,"7":0,"8":153,"9":164,"10":8,"11":78,"12":4,"13":8,"14":74,"15":165,"16":0,"17":0,"18":0},"b":{"0":[4,72],"1":[79,74],"2":[175,1231],"3":[1406,1274],"4":[68,968],"5":[1036,983],"6":[107,1077],"7":[1184,1124,1098],"8":[86,1098],"9":[1184,1124],"10":[35,1],"11":[36,1],"12":[18,58],"13":[1,0,1,0],"14":[0,0],"15":[1,0],"16":[1,1],"17":[1,166],"18":[0,4],"19":[167,103],"20":[74,10],"21":[0,0],"22":[0,0],"23":[165,1]},"meta":{"lastBranch":24,"lastFunction":19,"lastStatement":81,"seen":{"s:21:30:28:Infinity":0,"f:21:37:21:42":0,"s:21:52:28:2":1,"b:22:34:22:48:22:48:22:Infinity":0,"f:30:16:30:32":1,"s:31:28:31:Infinity":2,"s:32:26:32:Infinity":3,"s:33:40:33:Infinity":4,"s:34:19:34:31":5,"s:35:18:35:Infinity":6,"s:36:16:36:31":7,"s:38:18:102:Infinity":8,"f:38:18:38:32":2,"b:39:4:39:Infinity:undefined:undefined:undefined:undefined":1,"s:39:4:39:Infinity":9,"s:39:23:39:Infinity":10,"s:40:14:40:Infinity":11,"s:42:36:42:Infinity":12,"s:44:4:50:Infinity":13,"s:45:20:45:Infinity":14,"s:46:23:46:Infinity":15,"b:47:6:49:Infinity:undefined:undefined:undefined:undefined":2,"s:47:6:49:Infinity":16,"b:47:10:47:45:47:45:47:81":3,"s:48:8:48:Infinity":17,"s:52:4:66:Infinity":18,"b:53:6:65:Infinity:undefined:undefined:undefined:undefined":4,"s:53:6:65:Infinity":19,"b:54:8:54:Infinity:55:8:55:Infinity":5,"s:57:8:64:Infinity":20,"s:68:4:83:Infinity":21,"b:69:6:82:Infinity:undefined:undefined:undefined:undefined":6,"s:69:6:82:Infinity":22,"b:70:8:70:Infinity:71:8:71:Infinity:72:8:72:Infinity":7,"s:74:8:81:Infinity":23,"s:85:4:99:Infinity":24,"b:86:6:98:Infinity:undefined:undefined:undefined:undefined":8,"s:86:6:98:Infinity":25,"b:87:8:87:Infinity:88:8:88:Infinity":9,"s:90:8:97:Infinity":26,"s:101:4:101:Infinity":27,"s:104:2:108:Infinity":28,"f:104:2:104:18":3,"b:105:4:105:Infinity:undefined:undefined:undefined:undefined":10,"s:105:4:105:Infinity":29,"b:105:8:105:27:105:27:105:45":11,"s:105:45:105:Infinity":30,"s:106:15:106:Infinity":31,"s:107:4:107:Infinity":32,"s:110:23:118:Infinity":33,"f:110:23:110:Infinity":4,"s:112:6:112:Infinity":34,"s:113:6:113:Infinity":35,"s:114:6:114:Infinity":36,"s:115:6:115:Infinity":37,"s:120:24:146:Infinity":38,"f:120:24:120:Infinity":5,"b:122:6:122:Infinity:undefined:undefined:undefined:undefined":12,"s:122:6:122:Infinity":39,"s:122:32:122:Infinity":40,"b:124:8:128:Infinity:129:8:132:Infinity:133:8:138:Infinity:139:8:142:Infinity":13,"s:123:6:143:Infinity":41,"s:125:10:125:Infinity":42,"s:126:10:126:Infinity":43,"s:127:10:127:Infinity":44,"f:127:10:127:26":6,"s:127:26:127:62":45,"s:128:10:128:Infinity":46,"s:130:10:130:Infinity":47,"s:131:10:131:Infinity":48,"f:131:10:131:26":7,"s:131:36:131:78":49,"b:131:48:131:69:131:69:131:78":14,"s:132:10:132:Infinity":50,"b:134:10:137:Infinity:undefined:undefined:undefined:undefined":15,"s:134:10:137:Infinity":51,"b:134:14:134:34:134:34:134:56":16,"s:135:12:135:Infinity":52,"s:136:12:136:Infinity":53,"s:138:10:138:Infinity":54,"s:140:10:140:Infinity":55,"s:141:10:141:Infinity":56,"s:142:10:142:Infinity":57,"s:148:25:154:Infinity":58,"f:148:25:148:39":8,"s:149:78:149:Infinity":59,"s:150:4:152:Infinity":60,"f:150:12:150:21":9,"s:151:6:151:Infinity":61,"s:153:4:153:Infinity":62,"s:156:2:254:Infinity":63,"f:159:6:159:21":10,"s:160:8:160:Infinity":64,"s:161:8:161:Infinity":65,"b:175:33:175:66:175:66:175:Infinity":17,"f:179:12:179:23":11,"s:180:14:180:Infinity":66,"s:181:14:181:Infinity":67,"s:182:14:182:Infinity":68,"f:184:12:184:27":12,"b:185:14:185:Infinity:undefined:undefined:undefined:undefined":18,"s:185:14:185:Infinity":69,"s:185:36:185:Infinity":70,"f:194:8:194:26":13,"s:194:32:194:Infinity":71,"b:203:11:203:Infinity:204:12:208:18":19,"f:208:42:208:47":14,"s:209:12:250:Infinity":72,"b:210:15:210:24:210:24:210:Infinity":20,"f:218:23:218:28":15,"s:219:29:219:Infinity":73,"s:220:33:220:Infinity":74,"s:221:16:247:Infinity":75,"f:229:20:229:32":16,"b:230:22:233:Infinity:undefined:undefined:undefined:undefined":21,"s:230:22:233:Infinity":76,"b:230:26:230:47:230:47:230:62":22,"s:231:24:231:Infinity":77,"s:232:24:232:Infinity":78,"b:237:22:237:34:237:34:237:Infinity":23,"f:239:20:239:40":17,"s:239:40:239:Infinity":79,"f:240:20:240:35":18,"s:240:35:240:Infinity":80},"fnNames":{}}}
,"C:\\Users\\MohammadHossein\\Desktop\\projects\\React-Admin-Dashboard\\src\\components\\Sidebar.tsx": {"path":"C:\\Users\\MohammadHossein\\Desktop\\projects\\React-Admin-Dashboard\\src\\components\\Sidebar.tsx","statementMap":{"0":{"start":{"line":14,"column":21},"end":{"line":14,"column":null}},"1":{"start":{"line":17,"column":19},"end":{"line":17,"column":31}},"2":{"start":{"line":18,"column":19},"end":{"line":18,"column":27}},"3":{"start":{"line":19,"column":16},"end":{"line":19,"column":31}},"4":{"start":{"line":21,"column":21},"end":{"line":21,"column":45}},"5":{"start":{"line":23,"column":2},"end":{"line":103,"column":null}},"6":{"start":{"line":65,"column":12},"end":{"line":99,"column":null}},"7":{"start":{"line":72,"column":33},"end":{"line":72,"column":null}},"8":{"start":{"line":73,"column":29},"end":{"line":73,"column":null}},"9":{"start":{"line":75,"column":16},"end":{"line":96,"column":null}},"10":{"start":{"line":112,"column":36},"end":{"line":112,"column":null}},"11":{"start":{"line":112,"column":51},"end":{"line":112,"column":96}},"12":{"start":{"line":114,"column":8},"end":{"line":120,"column":null}},"13":{"start":{"line":115,"column":4},"end":{"line":119,"column":null}},"14":{"start":{"line":116,"column":19},"end":{"line":116,"column":null}},"15":{"start":{"line":117,"column":6},"end":{"line":117,"column":null}},"16":{"start":{"line":118,"column":6},"end":{"line":118,"column":null}},"17":{"start":{"line":123,"column":2},"end":{"line":125,"column":null}},"18":{"start":{"line":124,"column":4},"end":{"line":124,"column":null}},"19":{"start":{"line":127,"column":2},"end":{"line":138,"column":null}}},"fnMap":{"0":{"name":"SidebarContent","decl":{"start":{"line":16,"column":9},"end":{"line":16,"column":24}},"loc":{"start":{"line":16,"column":99},"end":{"line":105,"column":null}},"line":16},"1":{"name":"(anonymous_1)","decl":{"start":{"line":64,"column":38},"end":{"line":64,"column":43}},"loc":{"start":{"line":65,"column":12},"end":{"line":99,"column":null}},"line":65},"2":{"name":"(anonymous_2)","decl":{"start":{"line":71,"column":21},"end":{"line":71,"column":26}},"loc":{"start":{"line":71,"column":35},"end":{"line":98,"column":15}},"line":71},"3":{"name":"Sidebar","decl":{"start":{"line":111,"column":16},"end":{"line":111,"column":24}},"loc":{"start":{"line":111,"column":60},"end":{"line":140,"column":null}},"line":111},"4":{"name":"(anonymous_4)","decl":{"start":{"line":112,"column":36},"end":{"line":112,"column":51}},"loc":{"start":{"line":112,"column":51},"end":{"line":112,"column":96}},"line":112},"5":{"name":"(anonymous_5)","decl":{"start":{"line":114,"column":8},"end":{"line":114,"column":31}},"loc":{"start":{"line":114,"column":31},"end":{"line":120,"column":null}},"line":114},"6":{"name":"(anonymous_6)","decl":{"start":{"line":115,"column":4},"end":{"line":115,"column":18}},"loc":{"start":{"line":115,"column":27},"end":{"line":119,"column":5}},"line":115},"7":{"name":"(anonymous_7)","decl":{"start":{"line":124,"column":45},"end":{"line":124,"column":63}},"loc":{"start":{"line":124,"column":63},"end":{"line":124,"column":68}},"line":124}},"branchMap":{"0":{"loc":{"start":{"line":27,"column":9},"end":{"line":30,"column":9}},"type":"binary-expr","locations":[{"start":{"line":27,"column":9},"end":{"line":27,"column":null}},{"start":{"line":28,"column":10},"end":{"line":30,"column":9}}],"line":27},"1":{"loc":{"start":{"line":35,"column":22},"end":{"line":35,"column":null}},"type":"cond-expr","locations":[{"start":{"line":35,"column":34},"end":{"line":35,"column":53}},{"start":{"line":35,"column":53},"end":{"line":35,"column":null}}],"line":35},"2":{"loc":{"start":{"line":37,"column":11},"end":{"line":37,"column":null}},"type":"cond-expr","locations":[{"start":{"line":37,"column":23},"end":{"line":37,"column":63}},{"start":{"line":37,"column":62},"end":{"line":37,"column":null}}],"line":37},"3":{"loc":{"start":{"line":44,"column":7},"end":{"line":56,"column":null}},"type":"binary-expr","locations":[{"start":{"line":44,"column":7},"end":{"line":44,"column":null}},{"start":{"line":45,"column":8},"end":{"line":56,"column":null}}],"line":44},"4":{"loc":{"start":{"line":47,"column":13},"end":{"line":48,"column":13}},"type":"binary-expr","locations":[{"start":{"line":47,"column":13},"end":{"line":47,"column":31}},{"start":{"line":47,"column":31},"end":{"line":48,"column":13}}],"line":47},"5":{"loc":{"start":{"line":66,"column":15},"end":{"line":71,"column":21}},"type":"binary-expr","locations":[{"start":{"line":66,"column":15},"end":{"line":66,"column":null}},{"start":{"line":67,"column":16},"end":{"line":71,"column":21}}],"line":66},"6":{"loc":{"start":{"line":80,"column":38},"end":{"line":80,"column":null}},"type":"cond-expr","locations":[{"start":{"line":80,"column":49},"end":{"line":80,"column":58}},{"start":{"line":80,"column":58},"end":{"line":80,"column":null}}],"line":80},"7":{"loc":{"start":{"line":83,"column":26},"end":{"line":85,"column":null}},"type":"cond-expr","locations":[{"start":{"line":84,"column":30},"end":{"line":84,"column":null}},{"start":{"line":85,"column":30},"end":{"line":85,"column":null}}],"line":83},"8":{"loc":{"start":{"line":86,"column":26},"end":{"line":86,"column":null}},"type":"binary-expr","locations":[{"start":{"line":86,"column":26},"end":{"line":86,"column":39}},{"start":{"line":86,"column":39},"end":{"line":86,"column":null}}],"line":86},"9":{"loc":{"start":{"line":90,"column":25},"end":{"line":91,"column":null}},"type":"binary-expr","locations":[{"start":{"line":90,"column":25},"end":{"line":90,"column":39}},{"start":{"line":90,"column":39},"end":{"line":91,"column":null}}],"line":90},"10":{"loc":{"start":{"line":93,"column":21},"end":{"line":96,"column":null}},"type":"binary-expr","locations":[{"start":{"line":93,"column":21},"end":{"line":93,"column":null}},{"start":{"line":94,"column":22},"end":{"line":96,"column":null}}],"line":93},"11":{"loc":{"start":{"line":111,"column":26},"end":{"line":111,"column":60}},"type":"default-arg","locations":[{"start":{"line":111,"column":37},"end":{"line":111,"column":60}}],"line":111},"12":{"loc":{"start":{"line":123,"column":2},"end":{"line":125,"column":null}},"type":"if","locations":[{"start":{"line":123,"column":2},"end":{"line":125,"column":null}},{"start":{},"end":{}}],"line":123},"13":{"loc":{"start":{"line":133,"column":10},"end":{"line":133,"column":null}},"type":"cond-expr","locations":[{"start":{"line":133,"column":22},"end":{"line":133,"column":35}},{"start":{"line":133,"column":35},"end":{"line":133,"column":null}}],"line":133}},"s":{"0":3,"1":70,"2":70,"3":70,"4":70,"5":70,"6":280,"7":1330,"8":1330,"9":1330,"10":70,"11":68,"12":70,"13":2,"14":2,"15":2,"16":2,"17":70,"18":1,"19":69},"f":{"0":70,"1":280,"2":1330,"3":70,"4":68,"5":2,"6":2,"7":0},"b":{"0":[70,69],"1":[1,69],"2":[1,69],"3":[70,69],"4":[69,0],"5":[280,276],"6":[67,1263],"7":[67,1263],"8":[1330,19],"9":[1330,1311],"10":[1330,19],"11":[70],"12":[1,69],"13":[1,68]},"meta":{"lastBranch":14,"lastFunction":8,"lastStatement":20,"seen":{"s:14:21:14:Infinity":0,"f:16:9:16:24":0,"s:17:19:17:31":1,"s:18:19:18:27":2,"s:19:16:19:31":3,"s:21:21:21:45":4,"s:23:2:103:Infinity":5,"b:27:9:27:Infinity:28:10:30:9":0,"b:35:34:35:53:35:53:35:Infinity":1,"b:37:23:37:63:37:62:37:Infinity":2,"b:44:7:44:Infinity:45:8:56:Infinity":3,"b:47:13:47:31:47:31:48:13":4,"f:64:38:64:43":1,"s:65:12:99:Infinity":6,"b:66:15:66:Infinity:67:16:71:21":5,"f:71:21:71:26":2,"s:72:33:72:Infinity":7,"s:73:29:73:Infinity":8,"s:75:16:96:Infinity":9,"b:80:49:80:58:80:58:80:Infinity":6,"b:84:30:84:Infinity:85:30:85:Infinity":7,"b:86:26:86:39:86:39:86:Infinity":8,"b:90:25:90:39:90:39:91:Infinity":9,"b:93:21:93:Infinity:94:22:96:Infinity":10,"f:111:16:111:24":3,"b:111:37:111:60":11,"s:112:36:112:Infinity":10,"f:112:36:112:51":4,"s:112:51:112:96":11,"s:114:8:120:Infinity":12,"f:114:8:114:31":5,"s:115:4:119:Infinity":13,"f:115:4:115:18":6,"s:116:19:116:Infinity":14,"s:117:6:117:Infinity":15,"s:118:6:118:Infinity":16,"b:123:2:125:Infinity:undefined:undefined:undefined:undefined":12,"s:123:2:125:Infinity":17,"s:124:4:124:Infinity":18,"f:124:45:124:63":7,"s:127:2:138:Infinity":19,"b:133:22:133:35:133:35:133:Infinity":13},"fnNames":{}}}
,"C:\\Users\\MohammadHossein\\Desktop\\projects\\React-Admin-Dashboard\\src\\components\\StatBox.tsx": {"path":"C:\\Users\\MohammadHossein\\Desktop\\projects\\React-Admin-Dashboard\\src\\components\\StatBox.tsx","statementMap":{"0":{"start":{"line":16,"column":23},"end":{"line":50,"column":null}},"1":{"start":{"line":17,"column":2},"end":{"line":48,"column":null}}},"fnMap":{"0":{"name":"StatBox","decl":{"start":{"line":16,"column":37},"end":{"line":16,"column":45}},"loc":{"start":{"line":16,"column":121},"end":{"line":50,"column":1}},"line":16}},"branchMap":{"0":{"loc":{"start":{"line":31,"column":13},"end":{"line":36,"column":13}},"type":"binary-expr","locations":[{"start":{"line":31,"column":13},"end":{"line":31,"column":null}},{"start":{"line":32,"column":14},"end":{"line":36,"column":13}}],"line":31},"1":{"loc":{"start":{"line":41,"column":13},"end":{"line":41,"column":null}},"type":"binary-expr","locations":[{"start":{"line":41,"column":13},"end":{"line":41,"column":30}},{"start":{"line":41,"column":30},"end":{"line":41,"column":null}}],"line":41},"2":{"loc":{"start":{"line":43,"column":60},"end":{"line":43,"column":122}},"type":"cond-expr","locations":[{"start":{"line":43,"column":87},"end":{"line":43,"column":104}},{"start":{"line":43,"column":104},"end":{"line":43,"column":122}}],"line":43}},"s":{"0":2,"1":9},"f":{"0":9},"b":{"0":[9,5],"1":[9,5],"2":[8,1]},"meta":{"lastBranch":3,"lastFunction":1,"lastStatement":2,"seen":{"s:16:23:50:Infinity":0,"f:16:37:16:45":0,"s:17:2:48:Infinity":1,"b:31:13:31:Infinity:32:14:36:13":0,"b:41:13:41:30:41:30:41:Infinity":1,"b:43:87:43:104:43:104:43:122":2},"fnNames":{}}}
,"C:\\Users\\MohammadHossein\\Desktop\\projects\\React-Admin-Dashboard\\src\\components\\TeamPerformanceGrid.tsx": {"path":"C:\\Users\\MohammadHossein\\Desktop\\projects\\React-Admin-Dashboard\\src\\components\\TeamPerformanceGrid.tsx","statementMap":{"0":{"start":{"line":12,"column":2},"end":{"line":73,"column":null}},"1":{"start":{"line":20,"column":12},"end":{"line":69,"column":null}}},"fnMap":{"0":{"name":"TeamPerformanceGrid","decl":{"start":{"line":11,"column":16},"end":{"line":11,"column":36}},"loc":{"start":{"line":11,"column":72},"end":{"line":75,"column":null}},"line":11},"1":{"name":"(anonymous_1)","decl":{"start":{"line":19,"column":16},"end":{"line":19,"column":21}},"loc":{"start":{"line":20,"column":12},"end":{"line":69,"column":null}},"line":20}},"branchMap":{},"s":{"0":1,"1":6},"f":{"0":1,"1":6},"b":{},"meta":{"lastBranch":0,"lastFunction":2,"lastStatement":2,"seen":{"f:11:16:11:36":0,"s:12:2:73:Infinity":0,"f:19:16:19:21":1,"s:20:12:69:Infinity":1},"fnNames":{}}}
,"C:\\Users\\MohammadHossein\\Desktop\\projects\\React-Admin-Dashboard\\src\\components\\TopBar.tsx": {"path":"C:\\Users\\MohammadHossein\\Desktop\\projects\\React-Admin-Dashboard\\src\\components\\TopBar.tsx","statementMap":{"0":{"start":{"line":27,"column":33},"end":{"line":27,"column":42}},"1":{"start":{"line":28,"column":27},"end":{"line":28,"column":35}},"2":{"start":{"line":29,"column":26},"end":{"line":29,"column":43}},"3":{"start":{"line":30,"column":19},"end":{"line":30,"column":31}},"4":{"start":{"line":31,"column":52},"end":{"line":31,"column":null}},"5":{"start":{"line":33,"column":19},"end":{"line":33,"column":null}},"6":{"start":{"line":35,"column":2},"end":{"line":148,"column":null}},"7":{"start":{"line":92,"column":49},"end":{"line":92,"column":79}},"8":{"start":{"line":102,"column":31},"end":{"line":102,"column":null}},"9":{"start":{"line":129,"column":46},"end":{"line":129,"column":null}},"10":{"start":{"line":133,"column":46},"end":{"line":133,"column":null}},"11":{"start":{"line":140,"column":30},"end":{"line":140,"column":null}}},"fnMap":{"0":{"name":"TopBar","decl":{"start":{"line":26,"column":16},"end":{"line":26,"column":23}},"loc":{"start":{"line":26,"column":52},"end":{"line":150,"column":null}},"line":26},"1":{"name":"(anonymous_1)","decl":{"start":{"line":92,"column":34},"end":{"line":92,"column":49}},"loc":{"start":{"line":92,"column":49},"end":{"line":92,"column":79}},"line":92},"2":{"name":"(anonymous_2)","decl":{"start":{"line":102,"column":16},"end":{"line":102,"column":31}},"loc":{"start":{"line":102,"column":31},"end":{"line":102,"column":null}},"line":102},"3":{"name":"(anonymous_3)","decl":{"start":{"line":129,"column":30},"end":{"line":129,"column":46}},"loc":{"start":{"line":129,"column":46},"end":{"line":129,"column":null}},"line":129},"4":{"name":"(anonymous_4)","decl":{"start":{"line":133,"column":30},"end":{"line":133,"column":46}},"loc":{"start":{"line":133,"column":46},"end":{"line":133,"column":null}},"line":133},"5":{"name":"(anonymous_5)","decl":{"start":{"line":140,"column":14},"end":{"line":140,"column":30}},"loc":{"start":{"line":140,"column":30},"end":{"line":140,"column":null}},"line":140}},"branchMap":{"0":{"loc":{"start":{"line":38,"column":7},"end":{"line":48,"column":null}},"type":"binary-expr","locations":[{"start":{"line":38,"column":7},"end":{"line":38,"column":null}},{"start":{"line":39,"column":8},"end":{"line":48,"column":null}}],"line":38},"1":{"loc":{"start":{"line":65,"column":28},"end":{"line":65,"column":null}},"type":"cond-expr","locations":[{"start":{"line":65,"column":47},"end":{"line":65,"column":72}},{"start":{"line":65,"column":
[...]
start":{"line":142,"column":11},"end":{"line":142,"column":null}},{"start":{"line":143,"column":12},"end":{"line":145,"column":null}}],"line":142}},"s":{"0":264,"1":262,"2":2,"3":132,"4":132,"5":132,"6":132,"7":132,"8":132,"9":132,"10":132,"11":132,"12":132,"13":132,"14":3,"15":1,"16":1,"17":1,"18":2,"19":1,"20":1,"21":1,"22":1,"23":1,"24":1,"25":132,"26":4,"27":1,"28":1,"29":1,"30":3,"31":1,"32":1,"33":1,"34":2,"35":1,"36":1,"37":1,"38":1,"39":1,"40":1,"41":1,"42":1,"43":132,"44":34,"45":17,"46":20,"47":28,"48":21},"f":{"0":264,"1":132,"2":3,"3":4,"4":34,"5":17,"6":20,"7":28,"8":21},"b":{"0":[262,2],"1":[1,2],"2":[1,1],"3":[1,3],"4":[1,2],"5":[1,1],"6":[132,18],"7":[132,40]},"meta":{"lastBranch":8,"lastFunction":9,"lastStatement":49,"seen":{"f:9:9:9:22":0,"b:10:2:10:Infinity:undefined:undefined:undefined:undefined":0,"s:10:2:10:Infinity":0,"s:10:16:10:Infinity":1,"s:11:2:14:Infinity":2,"f:18:16:18:29":1,"s:19:31:19:39":3,"s:20:28:20:Infinity":4,"s:21:42:21:Infinity":5,"s:22:40:22:Infinity":6,"s:23:38:23:Infinity":7,"s:25:48:25:Infinity":8,"s:26:40:26:Infinity":9,"s:27:48:27:Infinity":10,"s:28:46:28:Infinity":11,"s:29:44:29:Infinity":12,"s:31:8:45:Infinity":13,"f:31:8:31:34":2,"b:32:4:36:Infinity:undefined:undefined:undefined:undefined":1,"s:32:4:36:Infinity":14,"s:33:6:33:Infinity":15,"s:34:6:34:Infinity":16,"s:35:6:35:Infinity":17,"b:37:4:41:Infinity:undefined:undefined:undefined:undefined":2,"s:37:4:41:Infinity":18,"s:38:6:38:Infinity":19,"s:39:6:39:Infinity":20,"s:40:6:40:Infinity":21,"s:42:4:42:Infinity":22,"s:43:4:43:Infinity":23,"s:44:4:44:Infinity":24,"s:47:8:68:Infinity":25,"f:47:8:47:37":3,"b:48:4:52:Infinity:undefined:undefined:undefined:undefined":3,"s:48:4:52:Infinity":26,"s:49:6:49:Infinity":27,"s:50:6:50:Infinity":28,"s:51:6:51:Infinity":29,"b:53:4:57:Infinity:undefined:undefined:undefined:undefined":4,"s:53:4:57:Infinity":30,"s:54:6:54:Infinity":31,"s:55:6:55:Infinity":32,"s:56:6:56:Infinity":33,"b:58:4:62:Infinity:undefined:undefined:undefined:undefined":5,"s:58:4:62:Infinity":34,"s:59:6:59:Infinity":35,"s:60:6:60:Infinity":36,"s:61:6:61:Infinity":37,"s:63:4:63:Infinity":38,"s:64:4:64:Infinity":39,"s:65:4:65:Infinity":40,"s:66:4:66:Infinity":41,"s:67:4:67:Infinity":42,"s:70:2:153:Infinity":43,"f:85:14:85:25":4,"s:85:31:85:Infinity":44,"f:94:14:94:25":5,"s:94:31:94:Infinity":45,"b:97:11:97:Infinity:98:12:100:Infinity":6,"f:119:14:119:25":6,"s:119:31:119:Infinity":46,"f:129:14:129:25":7,"s:129:31:129:Infinity":47,"f:139:14:139:25":8,"s:139:31:139:Infinity":48,"b:142:11:142:Infinity:143:12:145:Infinity":7},"fnNames":{}}}
,"C:\\Users\\MohammadHossein\\Desktop\\projects\\React-Admin-Dashboard\\src\\pages\\settings\\AppearanceTab.tsx": {"path":"C:\\Users\\MohammadHossein\\Desktop\\projects\\React-Admin-Dashboard\\src\\pages\\settings\\AppearanceTab.tsx","statementMap":{"0":{"start":{"line":9,"column":74},"end":{"line":15,"column":null}},"1":{"start":{"line":18,"column":33},"end":{"line":18,"column":42}},"2":{"start":{"line":19,"column":55},"end":{"line":19,"column":67}},"3":{"start":{"line":20,"column":16},"end":{"line":20,"column":31}},"4":{"start":{"line":22,"column":2},"end":{"line":101,"column":null}},"5":{"start":{"line":60,"column":29},"end":{"line":60,"column":null}},"6":{"start":{"line":84,"column":14},"end":{"line":96,"column":null}},"7":{"start":{"line":89,"column":31},"end":{"line":89,"column":null}}},"fnMap":{"0":{"name":"AppearanceTab","decl":{"start":{"line":17,"column":16},"end":{"line":17,"column":32}},"loc":{"start":{"line":17,"column":32},"end":{"line":103,"column":null}},"line":17},"1":{"name":"(anonymous_1)","decl":{"start":{"line":60,"column":12},"end":{"line":60,"column":23}},"loc":{"start":{"line":60,"column":29},"end":{"line":60,"column":null}},"line":60},"2":{"name":"(anonymous_2)","decl":{"start":{"line":83,"column":21},"end":{"line":83,"column":26}},"loc":{"start":{"line":84,"column":14},"end":{"line":96,"column":null}},"line":84},"3":{"name":"(anonymous_3)","decl":{"start":{"line":89,"column":16},"end":{"line":89,"column":31}},"loc":{"start":{"line":89,"column":31},"end":{"line":89,"column":null}},"line":89}},"branchMap":{"0":{"loc":{"start":{"line":32,"column":15},"end":{"line":35,"column":null}},"type":"cond-expr","locations":[{"start":{"line":33,"column":16},"end":{"line":35,"column":17}},{"start":{"line":35,"column":16},"end":{"line":35,"column":null}}],"line":32},"1":{"loc":{"start":{"line":41,"column":17},"end":{"line":41,"column":null}},"type":"cond-expr","locations":[{"start":{"line":41,"column":36},"end":{"line":41,"column":64}},{"start":{"line":41,"column":64},"end":{"line":41,"column":null}}],"line":41},"2":{"loc":{"start":{"line":93,"column":18},"end":{"line":93,"column":null}},"type":"cond-expr","locations":[{"start":{"line":93,"column":43},"end":{"line":93,"column":63}},{"start":{"line":93,"column":63},"end":{"line":93,"column":null}}],"line":93}},"s":{"0":2,"1":9,"2":9,"3":9,"4":9,"5":2,"6":45,"7":1},"f":{"0":9,"1":2,"2":45,"3":1},"b":{"0":[8,1],"1":[8,1],"2":[9,36]},"meta":{"lastBranch":3,"lastFunction":4,"lastStatement":8,"seen":{"s:9:74:15:Infinity":0,"f:17:16:17:32":0,"s:18:33:18:42":1,"s:19:55:19:67":2,"s:20:16:20:31":3,"s:22:2:101:Infinity":4,"b:33:16:35:17:35:16:35:Infinity":0,"b:41:36:41:64:41:64:41:Infinity":1,"f:60:12:60:23":1,"s:60:29:60:Infinity":5,"f:83:21:83:26":2,"s:84:14:96:Infinity":6,"f:89:16:89:31":3,"s:89:31:89:Infinity":7,"b:93:43:93:63:93:63:93:Infinity":2},"fnNames":{}}}
,"C:\\Users\\MohammadHossein\\Desktop\\projects\\React-Admin-Dashboard\\src\\pages\\settings\\NotificationsTab.tsx": {"path":"C:\\Users\\MohammadHossein\\Desktop\\projects\\React-Admin-Dashboard\\src\\pages\\settings\\NotificationsTab.tsx","statementMap":{"0":{"start":{"line":5,"column":86},"end":{"line":26,"column":null}},"1":{"start":{"line":29,"column":49},"end":{"line":29,"column":61}},"2":{"start":{"line":31,"column":2},"end":{"line":55,"column":null}},"3":{"start":{"line":39,"column":10},"end":{"line":52,"column":null}},"4":{"start":{"line":49,"column":35},"end":{"line":49,"column":null}}},"fnMap":{"0":{"name":"NotificationsTab","decl":{"start":{"line":28,"column":16},"end":{"line":28,"column":35}},"loc":{"start":{"line":28,"column":35},"end":{"line":57,"column":null}},"line":28},"1":{"name":"(anonymous_1)","decl":{"start":{"line":38,"column":15},"end":{"line":38,"column":20}},"loc":{"start":{"line":39,"column":10},"end":{"line":52,"column":null}},"line":39},"2":{"name":"(anonymous_2)","decl":{"start":{"line":49,"column":14},"end":{"line":49,"column":25}},"loc":{"start":{"line":49,"column":35},"end":{"line":49,"column":null}},"line":49}},"branchMap":{},"s":{"0":2,"1":2,"2":2,"3":8,"4":1},"f":{"0":2,"1":8,"2":1},"b":{},"meta":{"lastBranch":0,"lastFunction":3,"lastStatement":5,"seen":{"s:5:86:26:Infinity":0,"f:28:16:28:35":0,"s:29:49:29:61":1,"s:31:2:55:Infinity":2,"f:38:15:38:20":1,"s:39:10:52:Infinity":3,"f:49:14:49:25":2,"s:49:35:49:Infinity":4},"fnNames":{}}}
,"C:\\Users\\MohammadHossein\\Desktop\\projects\\React-Admin-Dashboard\\src\\pages\\settings\\ProfileTab.tsx": {"path":"C:\\Users\\MohammadHossein\\Desktop\\projects\\React-Admin-Dashboard\\src\\pages\\settings\\ProfileTab.tsx","statementMap":{"0":{"start":{"line":16,"column":25},"end":{"line":16,"column":33}},"1":{"start":{"line":17,"column":23},"end":{"line":17,"column":null}},"2":{"start":{"line":18,"column":40},"end":{"line":18,"column":null}},"3":{"start":{"line":20,"column":8},"end":{"line":36,"column":null}},"4":{"start":{"line":21,"column":17},"end":{"line":21,"column":null}},"5":{"start":{"line":22,"column":4},"end":{"line":22,"column":null}},"6":{"start":{"line":22,"column":15},"end":{"line":22,"column":null}},"7":{"start":{"line":23,"column":4},"end":{"line":26,"column":null}},"8":{"start":{"line":24,"column":6},"end":{"line":24,"column":null}},"9":{"start":{"line":25,"column":6},"end":{"line":25,"column":null}},"10":{"start":{"line":27,"column":19},"end":{"line":27,"column":null}},"11":{"start":{"line":28,"column":4},"end":{"line":33,"column":null}},"12":{"start":{"line":29,"column":24},"end":{"line":29,"column":null}},"13":{"start":{"line":30,"column":6},"end":{"line":30,"column":null}},"14":{"start":{"line":31,"column":6},"end":{"line":31,"column":null}},"15":{"start":{"line":32,"column":6},"end":{"line":32,"column":null}},"16":{"start":{"line":34,"column":4},"end":{"line":34,"column":null}},"17":{"start":{"line":35,"column":4},"end":{"line":35,"column":null}},"18":{"start":{"line":38,"column":19},"end":{"line":38,"column":null}},"19":{"start":{"line":40,"column":2},"end":{"line":110,"column":null}},"20":{"start":{"line":61,"column":63},"end":{"line":61,"column":94}},"21":{"start":{"line":78,"column":31},"end":{"line":78,"column":null}},"22":{"start":{"line":86,"column":31},"end":{"line":86,"column":null}},"23":{"start":{"line":97,"column":29},"end":{"line":97,"column":null}},"24":{"start":{"line":106,"column":29},"end":{"line":106,"column":null}}},"fnMap":{"0":{"name":"ProfileTab","decl":{"start":{"line":15,"column":16},"end":{"line":15,"column":27}},"loc":{"start":{"line":15,"column":74},"end":{"line":112,"column":null}},"line":15},"1":{"name":"(anonymous_1)","decl":{"start":{"line":20,"column":8},"end":{"line":20,"column":30}},"loc":{"start":{"line":20,"column":73},"end":{"line":36,"column":null}},"line":20},"2":{"name":"(anonymous_2)","decl":{"start":{"line":28,"column":11},"end":{"line":28,"column":26}},"loc":{"start":{"line":28,"column":26},"end":{"line":33,"column":null}},"line":28},"3":{"name":"(anonymous_3)","decl":{"start":{"line":61,"column":48},"end":{"line":61,"column":63}},"loc":{"start":{"line":61,"column":63},"end":{"line":61,"column":94}},"line":61},"4":{"name":"(anonymous_4)","decl":{"start":{"line":78,"column":14},"end":{"line":78,"column":25}},"loc":{"start":{"line":78,"column":31},"end":{"line":78,"column":null}},"line":78},"5":{"name":"(anonymous_5)","decl":{"start":{"line":86,"column":14},"end":{"line":86,"column":25}},"loc":{"start":{"line":86,"column":31},"end":{"line":86,"column":null}},"line":86},"6":{"name":"(anonymous_6)","decl":{"start":{"line":97,"column":12},"end":{"line":97,"column":23}},"loc":{"start":{"line":97,"column":29},"end":{"line":97,"column":null}},"line":97},"7":{"name":"(anonymous_7)","decl":{"start":{"line":106,"column":12},"end":{"line":106,"column":23}},"loc":{"start":{"line":106,"column":29},"end":{"line":106,"column":null}},"line":106}},"branchMap":{"0":{"loc":{"start":{"line":22,"column":4},"end":{"line":22,"column":null}},"type":"if","locations":[{"start":{"line":22,"column":4},"end":{"line":22,"column":null}},{"start":{},"end":{}}],"line":22},"1":{"loc":{"start":{"line":23,"column":4},"end":{"line":26,"column":null}},"type":"if","locations":[{"start":{"line":23,"column":4},"end":{"line":26,"column":null}},{"start":{},"end":{}}],"line":23},"2":{"loc":{"start":{"line":49,"column":13},"end":{"line":50,"column":13}},"type":"binary-expr","locations":[{"start":{"line":49,"column":13},"end":{"line":49,"column":34}},{"start":{"line":49,"column":34},"end":{"line":50,"column":13}}],"line":49},"3":{"loc":{"start":{"line":65,"column":15},"end":{"line":65,"column":null}},"type":"binary-expr","locations":[{"start":{"line":65,"column":15},"end":{"line":65,"column":30}},{"start":{"line":65,"column":30},"end":{"line":65,"column":null}}],"line":65}},"s":{"0":13,"1":13,"2":13,"3":13,"4":0,"5":0,"6":0,"7":0,"8":0,"9":0,"10":0,"11":0,"12":0,"13":0,"14":0,"15":0,"16":0,"17":0,"18":13,"19":13,"20":0,"21":5,"22":0,"23":0,"24":0},"f":{"0":13,"1":0,"2":0,"3":0,"4":5,"5":0,"6":0,"7":0},"b":{"0":[0,0],"1":[0,0],"2":[13,0],"3":[13,13]},"meta":{"lastBranch":4,"lastFunction":8,"lastStatement":25,"seen":{"f:15:16:15:27":0,"s:16:25:16:33":0,"s:17:23:17:Infinity":1,"s:18:40:18:Infinity":2,"s:20:8:36:Infinity":3,"f:20:8:20:30":1,"s:21:17:21:Infinity":4,"b:22:4:22:Infinity:undefined:undefined:undefined:undefined":0,"s:22:4:22:Infinity":5,"s:22:15:22:Infinity":6,"b:23:4:26:Infinity:undefined:undefined:undefined:undefined":1,"s:23:4:26:Infinity":7,"s:24:6:24:Infinity":8,"s:25:6:25:Infinity":9,"s:27:19:27:Infinity":10,"s:28:4:33:Infinity":11,"f:28:11:28:26":2,"s:29:24:29:Infinity":12,"s:30:6:30:Infinity":13,"s:31:6:31:Infinity":14,"s:32:6:32:Infinity":15,"s:34:4:34:Infinity":16,"s:35:4:35:Infinity":17,"s:38:19:38:Infinity":18,"s:40:2:110:Infinity":19,"b:49:13:49:34:49:34:50:13":2,"f:61:48:61:63":3,"s:61:63:61:94":20,"b:65:15:65:30:65:30:65:Infinity":3,"f:78:14:78:25":4,"s:78:31:78:Infinity":21,"f:86:14:86:25":5,"s:86:31:86:Infinity":22,"f:97:12:97:23":6,"s:97:29:97:Infinity":23,"f:106:12:106:23":7,"s:106:29:106:Infinity":24},"fnNames":{}}}
,"C:\\Users\\MohammadHossein\\Desktop\\projects\\React-Admin-Dashboard\\src\\pages\\settings\\SecurityTab.tsx": {"path":"C:\\Users\\MohammadHossein\\Desktop\\projects\\React-Admin-Dashboard\\src\\pages\\settings\\SecurityTab.tsx","statementMap":{"0":{"start":{"line":7,"column":52},"end":{"line":7,"column":64}},"1":{"start":{"line":9,"column":2},"end":{"line":48,"column":null}}},"fnMap":{"0":{"name":"SecurityTab","decl":{"start":{"line":6,"column":16},"end":{"line":6,"column":30}},"loc":{"start":{"line":6,"column":30},"end":{"line":50,"column":null}},"line":6}},"branchMap":{"0":{"loc":{"start":{"line":26,"column":16},"end":{"line":26,"column":null}},"type":"cond-expr","locations":[{"start":{"line":26,"column":35},"end":{"line":26,"column":66}},{"start":{"line":26,"column":66},"end":{"line":26,"column":null}}],"line":26},"1":{"loc":{"start":{"line":29,"column":15},"end":{"line":29,"column":null}},"type":"cond-expr","locations":[{"start":{"line":29,"column":34},"end":{"line":29,"column":46}},{"start":{"line":29,"column":46},"end":{"line":29,"column":null}}],"line":29}},"s":{"0":4,"1":4},"f":{"0":4},"b":{"0":[1,3],"1":[1,3]},"meta":{"lastBranch":2,"lastFunction":1,"lastStatement":2,"seen":{"f:6:16:6:30":0,"s:7:52:7:64":0,"s:9:2:48:Infinity":1,"b:26:35:26:66:26:66:26:Infinity":0,"b:29:34:29:46:29:46:29:Infinity":1},"fnNames":{}}}
,"C:\\Users\\MohammadHossein\\Desktop\\projects\\React-Admin-Dashboard\\src\\pages\\settings\\Toggle.tsx": {"path":"C:\\Users\\MohammadHossein\\Desktop\\projects\\React-Admin-Dashboard\\src\\pages\\settings\\Toggle.tsx","statementMap":{"0":{"start":{"line":10,"column":2},"end":{"line":28,"column":null}},"1":{"start":{"line":16,"column":21},"end":{"line":16,"column":null}}},"fnMap":{"0":{"name":"Toggle","decl":{"start":{"line":9,"column":16},"end":{"line":9,"column":23}},"loc":{"start":{"line":9,"column":66},"end":{"line":30,"column":null}},"line":9},"1":{"name":"(anonymous_1)","decl":{"start":{"line":16,"column":6},"end":{"line":16,"column":21}},"loc":{"start":{"line":16,"column":21},"end":{"line":16,"column":null}},"line":16}},"branchMap":{"0":{"loc":{"start":{"line":19,"column":8},"end":{"line":19,"column":null}},"type":"cond-expr","locations":[{"start":{"line":19,"column":18},"end":{"line":19,"column":33}},{"start":{"line":19,"column":33},"end":{"line":19,"column":null}}],"line":19},"1":{"loc":{"start":{"line":25,"column":10},"end":{"line":25,"column":null}},"type":"cond-expr","locations":[{"start":{"line":25,"column":20},"end":{"line":25,"column":38}},{"start":{"line":25,"column":38},"end":{"line":25,"column":null}}],"line":25}},"s":{"0":21,"1":4},"f":{"0":21,"1":4},"b":{"0":[16,5],"1":[16,5]},"meta":{"lastBranch":2,"lastFunction":2,"lastStatement":2,"seen":{"f:9:16:9:23":0,"s:10:2:28:Infinity":0,"f:16:6:16:21":1,"s:16:21:16:Infinity":1,"b:19:18:19:33:19:33:19:Infinity":0,"b:25:20:25:38:25:38:25:Infinity":1},"fnNames":{}}}
,"C:\\Users\\MohammadHossein\\Desktop\\projects\\React-Admin-Dashboard\\src\\services\\client.ts": {"path":"C:\\Users\\MohammadHossein\\Desktop\\projects\\React-Admin-Dashboard\\src\\services\\client.ts","statementMap":{"0":{"start":{"line":1,"column":17},"end":{"line":1,"column":null}},"1":{"start":{"line":3,"column":35},"end":{"line":3,"column":null}},"2":{"start":{"line":6,"column":2},"end":{"line":8,"column":null}},"3":{"start":{"line":7,"column":4},"end":{"line":7,"column":null}},"4":{"start":{"line":9,"column":19},"end":{"line":11,"column":null}},"5":{"start":{"line":12,"column":2},"end":{"line":14,"column":null}},"6":{"start":{"line":13,"column":4},"end":{"line":13,"column":null}},"7":{"start":{"line":15,"column":2},"end":{"line":15,"column":null}}},"fnMap":{"0":{"name":"apiFetch","decl":{"start":{"line":5,"column":22},"end":{"line":5,"column":34}},"loc":{"start":{"line":5,"column":60},"end":{"line":16,"column":null}},"line":5}},"branchMap":{"0":{"loc":{"start":{"line":6,"column":2},"end":{"line":8,"column":null}},"type":"if","locations":[{"start":{"line":6,"column":2},"end":{"line":8,"column":null}},{"start":{},"end":{}}],"line":6},"1":{"loc":{"start":{"line":12,"column":2},"end":{"line":14,"column":null}},"type":"if","locations":[{"start":{"line":12,"column":2},"end":{"line":14,"column":null}},{"start":{},"end":{}}],"line":12}},"s":{"0":8,"1":8,"2":8,"3":1,"4":7,"5":6,"6":2,"7":4},"f":{"0":8},"b":{"0":[1,7],"1":[2,4]},"meta":{"lastBranch":2,"lastFunction":1,"lastStatement":8,"seen":{"s:1:17:1:Infinity":0,"s:3:35:3:Infinity":1,"f:5:22:5:34":0,"b:6:2:8:Infinity:undefined:undefined:undefined:undefined":0,"s:6:2:8:Infinity":2,"s:7:4:7:Infinity":3,"s:9:19:11:Infinity":4,"b:12:2:14:Infinity:undefined:undefined:undefined:undefined":1,"s:12:2:14:Infinity":5,"s:13:4:13:Infinity":6,"s:15:2:15:Infinity":7},"fnNames":{}}}
,"C:\\Users\\MohammadHossein\\Desktop\\projects\\React-Admin-Dashboard\\src\\services\\index.ts": {"path":"C:\\Users\\MohammadHossein\\Desktop\\projects\\React-Admin-Dashboard\\src\\services\\index.ts","statementMap":{"0":{"start":{"line":6,"column":2},"end":{"line":6,"column":null}},"1":{"start":{"line":6,"column":27},"end":{"line":6,"column":null}},"2":{"start":{"line":7,"column":2},"end":{"line":7,"column":null}},"3":{"start":{"line":11,"column":2},"end":{"line":11,"column":null}},"4":{"start":{"line":11,"column":27},"end":{"line":11,"column":null}},"5":{"start":{"line":12,"column":2},"end":{"line":12,"column":null}},"6":{"start":{"line":16,"column":2},"end":{"line":16,"column":null}},"7":{"start":{"line":16,"column":27},"end":{"line":16,"column":null}},"8":{"start":{"line":17,"column":2},"end":{"line":17,"column":null}}},"fnMap":{"0":{"name":"getTeam","decl":{"start":{"line":5,"column":22},"end":{"line":5,"column":55}},"loc":{"start":{"line":5,"column":55},"end":{"line":8,"column":null}},"line":5},"1":{"name":"getContacts","decl":{"start":{"line":10,"column":22},"end":{"line":10,"column":56}},"loc":{"start":{"line":10,"column":56},"end":{"line":13,"column":null}},"line":10},"2":{"name":"getInvoices","decl":{"start":{"line":15,"column":22},"end":{"line":15,"column":56}},"loc":{"start":{"line":15,"column":56},"end":{"line":18,"column":null}},"line":15}},"branchMap":{"0":{"loc":{"start":{"line":6,"column":2},"end":{"line":6,"column":null}},"type":"if","locations":[{"start":{"line":6,"column":2},"end":{"line":6,"column":null}},{"start":{},"end":{}}],"line":6},"1":{"loc":{"start":{"line":11,"column":2},"end":{"line":11,"column":null}},"type":"if","locations":[{"start":{"line":11,"column":2},"end":{"line":11,"column":null}},{"start":{},"end":{}}],"line":11},"2":{"loc":{"start":{"line":16,"column":2},"end":{"line":16,"column":null}},"type":"if","locations":[{"start":{"line":16,"column":2},"end":{"line":16,"column":null}},{"start":{},"end":{}}],"line":16}},"s":{"0":4,"1":2,"2":2,"3":3,"4":1,"5":2,"6":3,"7":1,"8":2},"f":{"0":4,"1":3,"2":3},"b":{"0":[2,2],"1":[1,2],"2":[1,2]},"meta":{"lastBranch":3,"lastFunction":3,"lastStatement":9,"seen":{"f:5:22:5:55":0,"b:6:2:6:Infinity:undefined:undefined:undefined:undefined":0,"s:6:2:6:Infinity":0,"s:6:27:6:Infinity":1,"s:7:2:7:Infinity":2,"f:10:22:10:56":1,"b:11:2:11:Infinity:undefined:undefined:undefined:undefined":1,"s:11:2:11:Infinity":3,"s:11:27:11:Infinity":4,"s:12:2:12:Infinity":5,"f:15:22:15:56":2,"b:16:2:16:Infinity:undefined:undefined:undefined:undefined":2,"s:16:2:16:Infinity":6,"s:16:27:16:Infinity":7,"s:17:2:17:Infinity":8},"fnNames":{}}}
}
